2015-06-30 11:45:01,357, INFO,  ---------------------- root --------------------------------
2015-06-30 11:45:01,357, INFO,  ---------------------- root --------------------------------
2015-06-30 11:45:01,357, DEBUG, REAL SIM VALUE: False
2015-06-30 11:45:07,607, INFO,  ---------------------- root --------------------------------
2015-06-30 11:45:07,607, INFO,  ---------------------- root --------------------------------
2015-06-30 11:45:07,607, DEBUG, REAL SIM VALUE: False
2015-06-30 11:45:11,920, INFO,  ---------------------- root --------------------------------
2015-06-30 11:45:11,920, INFO,  ---------------------- root --------------------------------
2015-06-30 11:45:11,920, DEBUG, REAL SIM VALUE: False
2015-06-30 11:45:16,967, INFO,  ---------------------- root --------------------------------
2015-06-30 11:45:16,967, INFO,  ---------------------- root --------------------------------
2015-06-30 11:45:16,967, DEBUG, REAL SIM VALUE: False
2015-06-30 11:45:27,779, INFO,  ---------------------- root --------------------------------
2015-06-30 11:45:27,779, INFO,  ---------------------- root --------------------------------
2015-06-30 11:45:27,779, DEBUG, REAL SIM VALUE: False
2015-06-30 11:45:52,144, INFO,  ---------------------- root --------------------------------
2015-06-30 11:45:52,144, INFO,  ---------------------- root --------------------------------
2015-06-30 11:45:52,144, DEBUG, REAL SIM VALUE: False
2015-06-30 13:18:45,250, INFO,  ---------------------- root --------------------------------
2015-06-30 13:18:45,250, INFO,  ---------------------- root --------------------------------
2015-06-30 13:18:45,252, DEBUG, REAL SIM VALUE: False
2015-06-30 13:32:06,822, INFO,  ---------------------- root --------------------------------
2015-06-30 13:32:06,822, INFO,  ---------------------- root --------------------------------
2015-06-30 13:32:06,822, DEBUG, REAL SIM VALUE: False
2015-06-30 13:32:21,542, INFO,  ---------------------- root --------------------------------
2015-06-30 13:32:21,542, INFO,  ---------------------- root --------------------------------
2015-06-30 13:32:21,543, DEBUG, REAL SIM VALUE: False
2015-06-30 13:32:40,000, INFO,  ---------------------- root --------------------------------
2015-06-30 13:32:40,002, INFO,  ---------------------- root --------------------------------
2015-06-30 13:32:40,003, DEBUG, REAL SIM VALUE: False
2015-06-30 13:32:53,910, INFO,  ---------------------- root --------------------------------
2015-06-30 13:32:53,911, INFO,  ---------------------- root --------------------------------
2015-06-30 13:32:53,911, DEBUG, REAL SIM VALUE: False
2015-06-30 13:33:00,648, INFO,  ---------------------- root --------------------------------
2015-06-30 13:33:00,648, INFO,  ---------------------- root --------------------------------
2015-06-30 13:33:00,648, DEBUG, REAL SIM VALUE: False
2015-06-30 13:34:15,214, INFO,  ---------------------- root --------------------------------
2015-06-30 13:34:15,230, INFO,  ---------------------- root --------------------------------
2015-06-30 13:34:15,230, DEBUG, REAL SIM VALUE: False
2015-06-30 13:34:20,331, DEBUG, SIM.write got 'EGAIN Use quit() or Ctrl-Z plus Return to exit  \n'
2015-06-30 13:34:20,331, DEBUG, SIM.write command parsed as: ['EGAIN', 'Use', 'quit()', 'or', 'Ctrl-Z', 'plus', 'Return', 'to', 'exit']
2015-06-30 13:34:20,331, DEBUG, EGAIN_SIM PARAM: 0
2015-06-30 13:34:20,331, DEBUG, EGAIN_SIM RECEIVED: 0
2015-06-30 13:34:20,331, DEBUG, Tx: 'EGAIN Use quit() or Ctrl-Z plus Return to exit  \n'bytes sent: 49
2015-06-30 13:34:20,331, DEBUG, SIM.inWaiting has '0*', returning 2
2015-06-30 13:34:20,332, DEBUG, SIM.read: asked for 1 returned: 0*
2015-06-30 13:34:20,332, DEBUG, SIM.inWaiting has '*', returning 1
2015-06-30 13:34:20,332, DEBUG, SIM.read: asked for 1 returned: *
2015-06-30 13:34:20,332, DEBUG, Rx -  * received
2015-06-30 13:35:04,773, INFO,  ---------------------- root --------------------------------
2015-06-30 13:35:04,773, INFO,  ---------------------- root --------------------------------
2015-06-30 13:35:04,775, DEBUG, REAL SIM VALUE: False
2015-06-30 13:39:07,178, INFO,  ---------------------- root --------------------------------
2015-06-30 13:39:07,178, INFO,  ---------------------- root --------------------------------
2015-06-30 13:39:07,180, DEBUG, REAL SIM VALUE: False
2015-06-30 13:39:13,966, INFO,  ---------------------- root --------------------------------
2015-06-30 13:39:13,966, INFO,  ---------------------- root --------------------------------
2015-06-30 13:39:13,967, DEBUG, REAL SIM VALUE: False
2015-06-30 13:41:50,647, INFO,  ---------------------- root --------------------------------
2015-06-30 13:41:50,647, INFO,  ---------------------- root --------------------------------
2015-06-30 13:41:50,647, DEBUG, REAL SIM VALUE: False
2015-06-30 13:43:27,161, INFO,  ---------------------- root --------------------------------
2015-06-30 13:43:27,161, INFO,  ---------------------- root --------------------------------
2015-06-30 13:43:27,161, DEBUG, REAL SIM VALUE: False
2015-06-30 13:47:03,801, INFO,  ---------------------- root --------------------------------
2015-06-30 13:47:03,801, INFO,  ---------------------- root --------------------------------
2015-06-30 13:47:03,802, DEBUG, REAL SIM VALUE: False
2015-06-30 13:47:11,915, INFO,  ---------------------- root --------------------------------
2015-06-30 13:47:11,915, INFO,  ---------------------- root --------------------------------
2015-06-30 13:47:11,917, DEBUG, REAL SIM VALUE: False
2015-06-30 13:47:27,361, INFO,  ---------------------- root --------------------------------
2015-06-30 13:47:27,361, INFO,  ---------------------- root --------------------------------
2015-06-30 13:47:27,361, DEBUG, REAL SIM VALUE: False
2015-06-30 13:51:31,217, INFO,  ---------------------- root --------------------------------
2015-06-30 13:51:31,217, INFO,  ---------------------- root --------------------------------
2015-06-30 13:58:58,640, INFO,  ---------------------- root --------------------------------
2015-06-30 13:58:58,641, INFO,  ---------------------- root --------------------------------
2015-06-30 13:59:11,884, INFO,  ---------------------- root --------------------------------
2015-06-30 13:59:11,884, INFO,  ---------------------- root --------------------------------
2015-06-30 13:59:22,706, INFO,  ---------------------- root --------------------------------
2015-06-30 13:59:22,706, INFO,  ---------------------- root --------------------------------
2015-06-30 13:59:22,707, DEBUG, FAKE/VIRTUAL SIM VALUE: True
2015-06-30 13:59:30,862, INFO,  ---------------------- root --------------------------------
2015-06-30 13:59:30,864, INFO,  ---------------------- root --------------------------------
2015-06-30 13:59:30,864, DEBUG, FAKE/VIRTUAL SIM VALUE: True
2015-06-30 13:59:37,862, INFO,  ---------------------- root --------------------------------
2015-06-30 13:59:37,862, INFO,  ---------------------- root --------------------------------
2015-06-30 13:59:37,864, DEBUG, REAL SIM VALUE: False
2015-06-30 13:59:48,470, INFO,  ---------------------- root --------------------------------
2015-06-30 13:59:48,470, INFO,  ---------------------- root --------------------------------
2015-06-30 13:59:48,470, DEBUG, FAKE/VIRTUAL SIM VALUE: True
2015-06-30 13:59:51,746, INFO,  ---------------------- root --------------------------------
2015-06-30 13:59:51,746, INFO,  ---------------------- root --------------------------------
2015-06-30 13:59:51,746, DEBUG, REAL SIM VALUE: False
2015-06-30 14:00:18,562, INFO,  ---------------------- root --------------------------------
2015-06-30 14:00:18,562, INFO,  ---------------------- root --------------------------------
2015-06-30 14:00:18,562, DEBUG, FAKE/VIRTUAL SIM VALUE: True
2015-06-30 14:02:04,160, INFO,  ---------------------- root --------------------------------
2015-06-30 14:02:04,160, INFO,  ---------------------- root --------------------------------
2015-06-30 14:02:04,160, DEBUG, REAL SIM VALUE: False
2015-06-30 14:06:05,500, INFO,  ---------------------- root --------------------------------
2015-06-30 14:06:05,500, INFO,  ---------------------- root --------------------------------
2015-06-30 14:06:05,502, DEBUG, FAKE/VIRTUAL SIM VALUE: True
