2015-06-16 11:46:09,065, INFO,  ---------------------- root (C:\Users\fredr_000\Git\PA273-Potentiostat-Software\main.py) --------------------------------
2015-06-16 11:46:09,065, DEBUG, subprocess call: 'pa273_v1.py'
2015-06-16 11:47:13,434, INFO,  ---------------------- root (C:\Users\fredr_000\Git\PA273-Potentiostat-Software\main.py) --------------------------------
2015-06-16 11:47:13,434, DEBUG, subprocess call: 'pa273_v1.py'
2015-06-16 12:02:59,832, INFO,  ---------------------- root (C:\Users\fredr_000\Git\PA273-Potentiostat-Software\main.py) --------------------------------
2015-06-16 12:02:59,832, DEBUG, subprocess call: 'pa273_v1.py'
2015-06-16 12:07:35,960, INFO,  ---------------------- root (C:\Users\fredr_000\Git\PA273-Potentiostat-Software\main.py) --------------------------------
2015-06-16 12:07:35,960, DEBUG, subprocess call: 'pa273_v1.py'
2015-06-16 12:07:44,108, INFO,  ---------------------- root (C:\Users\fredr_000\Git\PA273-Potentiostat-Software\main.py) --------------------------------
2015-06-16 12:07:44,109, DEBUG, subprocess call: 'pa273_v1.py'
2015-06-16 12:08:21,732, INFO,  ---------------------- root (C:\Users\fredr_000\Git\PA273-Potentiostat-Software\main.py) --------------------------------
2015-06-16 12:08:21,732, DEBUG, subprocess call: 'pa273_v1.py'
2015-06-16 12:10:00,592, INFO,  ---------------------- root (C:\Users\fredr_000\Git\PA273-Potentiostat-Software\main.py) --------------------------------
2015-06-16 12:10:00,594, DEBUG, subprocess call: 'pa273_v1.py'
2015-06-16 12:16:36,342, INFO,  ---------------------- root (C:\Users\fredr_000\Git\PA273-Potentiostat-Software\main.py) --------------------------------
2015-06-16 12:16:36,342, DEBUG, subprocess call: 'pa273_v1.py'
2015-06-16 12:28:42,744, INFO,  ---------------------- root (C:\Users\fredr_000\Git\PA273-Potentiostat-Software\main.py) --------------------------------
2015-06-16 12:28:42,746, DEBUG, subprocess call: 'pa273_v1.py'
2015-06-17 11:59:02,539, INFO,  ---------------------- root (C:\Users\fredr_000\Git\PA273-Potentiostat-Software\main.py) --------------------------------
2015-06-17 11:59:02,539, DEBUG, subprocess call: 'pa273_v1.py'
2015-06-17 12:39:10,493, INFO,  ---------------------- root (C:\Users\fredr_000\Git\PA273-Potentiostat-Software\main.py) --------------------------------
2015-06-17 12:39:10,493, DEBUG, subprocess call: 'pa273_v1.py'
2015-06-17 12:39:22,956, INFO,  ---------------------- root (C:\Users\fredr_000\Git\PA273-Potentiostat-Software\main.py) --------------------------------
2015-06-17 12:39:22,956, DEBUG, subprocess call: 'pa273_v1.py'
2015-06-17 12:42:13,433, INFO,  ---------------------- root (C:\Users\fredr_000\Git\PA273-Potentiostat-Software\main.py) --------------------------------
2015-06-17 12:42:13,433, DEBUG, subprocess call: 'pa273_v1.py'
2015-06-17 12:42:16,736, INFO,  ---------------------- root (C:\Users\fredr_000\Git\PA273-Potentiostat-Software\main.py) --------------------------------
2015-06-17 12:42:16,736, DEBUG, subprocess call: 'pa273_v1.py'
2015-06-17 12:42:35,882, INFO,  ---------------------- root (C:\Users\fredr_000\Git\PA273-Potentiostat-Software\main.py) --------------------------------
2015-06-17 12:42:35,882, DEBUG, subprocess call: 'pa273_v1.py'
2015-06-17 12:45:38,197, INFO,  ---------------------- root (C:\Users\fredr_000\Git\PA273-Potentiostat-Software\main.py) --------------------------------
2015-06-17 12:45:38,197, DEBUG, subprocess call: 'pa273_v1.py'
2015-06-17 12:50:17,358, INFO,  ---------------------- root (C:\Users\fredr_000\Git\PA273-Potentiostat-Software\main.py) --------------------------------
2015-06-17 12:50:17,358, DEBUG, subprocess call: 'pa273_v1.py'
2015-06-17 12:53:58,168, INFO,  ---------------------- root (C:\Users\fredr_000\Git\PA273-Potentiostat-Software\main.py) --------------------------------
2015-06-17 12:53:58,168, DEBUG, subprocess call: 'pa273_v1.py'
2015-06-17 12:54:01,982, INFO,  ---------------------- root (C:\Users\fredr_000\Git\PA273-Potentiostat-Software\main.py) --------------------------------
2015-06-17 12:54:01,982, DEBUG, subprocess call: 'pa273_v1.py'
2015-06-17 12:54:51,161, INFO,  ---------------------- root (C:\Users\fredr_000\Git\PA273-Potentiostat-Software\main.py) --------------------------------
2015-06-17 12:54:51,161, DEBUG, subprocess call: 'pa273_v1.py'
2015-06-17 12:55:01,605, INFO,  ---------------------- root (C:\Users\fredr_000\Git\PA273-Potentiostat-Software\main.py) --------------------------------
2015-06-17 12:55:01,605, DEBUG, subprocess call: 'pa273_v1.py'
2015-06-17 12:57:42,733, INFO,  ---------------------- root (C:\Users\fredr_000\Git\PA273-Potentiostat-Software\main.py) --------------------------------
2015-06-17 12:57:42,733, DEBUG, subprocess call: 'pa273_v1.py'
2015-06-17 12:57:47,374, INFO,  ---------------------- root (C:\Users\fredr_000\Git\PA273-Potentiostat-Software\main.py) --------------------------------
2015-06-17 12:57:47,374, DEBUG, subprocess call: 'pa273_v1.py'
2015-06-17 12:59:54,621, INFO,  ---------------------- root (C:\Users\fredr_000\Git\PA273-Potentiostat-Software\main.py) --------------------------------
2015-06-17 12:59:54,621, DEBUG, subprocess call: 'pa273_v1.py'
2015-06-17 13:02:17,443, INFO,  ---------------------- root (C:\Users\fredr_000\Git\PA273-Potentiostat-Software\main.py) --------------------------------
2015-06-17 13:02:17,443, DEBUG, subprocess call: 'pa273_v1.py'
2015-06-17 13:56:43,223, INFO,  ---------------------- root (C:\Users\fredr_000\Git\PA273-Potentiostat-Software\main.py) --------------------------------
2015-06-17 13:56:43,223, DEBUG, subprocess call: 'pa273_v1.py'
2015-06-17 13:56:51,479, INFO,  ---------------------- root (C:\Users\fredr_000\Git\PA273-Potentiostat-Software\main.py) --------------------------------
2015-06-17 13:56:51,479, DEBUG, subprocess call: 'pa273_v1.py'
2015-06-17 13:57:24,710, INFO,  ---------------------- root (main.py) --------------------------------
2015-06-17 13:57:24,710, DEBUG, subprocess call: 'pa273_v2.py -s'
2015-06-17 13:57:33,132, INFO,  ---------------------- root (main.py) --------------------------------
2015-06-17 13:57:33,132, DEBUG, subprocess call: 'pa273_v1.py -s'
2015-06-17 13:57:50,088, INFO,  ---------------------- root (C:\Users\fredr_000\Git\PA273-Potentiostat-Software\main.py) --------------------------------
2015-06-17 13:57:50,088, DEBUG, subprocess call: 'pa273_v1.py'
2015-06-17 13:58:03,282, INFO,  ---------------------- root (main.py) --------------------------------
2015-06-17 13:58:03,282, DEBUG, subprocess call: 'pa273_v1.py -s'
2015-06-17 13:58:11,532, INFO,  ---------------------- root (main.py) --------------------------------
2015-06-17 13:58:11,532, DEBUG, subprocess call: 'pa273_v2.py -s'
2015-06-17 14:02:32,901, INFO,  ---------------------- root (C:\Users\fredr_000\Git\PA273-Potentiostat-Software\main.py) --------------------------------
2015-06-17 14:02:32,901, DEBUG, subprocess call: 'pa273_v1.py'
2015-06-17 14:02:53,342, INFO,  ---------------------- root (C:\Users\fredr_000\Git\PA273-Potentiostat-Software\main.py) --------------------------------
2015-06-17 14:02:53,342, DEBUG, subprocess call: 'pa273_v1.py'
2015-06-17 16:30:45,753, INFO,  ---------------------- root (C:\Users\fredr_000\Git\PA273-Potentiostat-Software\main.py) --------------------------------
2015-06-17 16:30:45,769, DEBUG, subprocess call: 'pa273_v1.py'
2015-06-17 16:30:51,865, INFO,  ---------------------- root (C:\Users\fredr_000\Git\PA273-Potentiostat-Software\main.py) --------------------------------
2015-06-17 16:30:51,865, DEBUG, subprocess call: 'pa273_v1.py'
2015-06-17 16:31:01,089, INFO,  ---------------------- root (C:\Users\fredr_000\Git\PA273-Potentiostat-Software\main.py) --------------------------------
2015-06-17 16:31:01,105, DEBUG, subprocess call: 'pa273_v1.py'
2015-06-17 16:31:18,085, INFO,  ---------------------- root (C:\Users\fredr_000\Git\PA273-Potentiostat-Software\main.py) --------------------------------
2015-06-17 16:31:18,085, DEBUG, subprocess call: 'pa273_v1.py'
2015-06-17 16:41:49,242, INFO,  ---------------------- root (C:\Users\fredr_000\Git\PA273-Potentiostat-Software\main.py) --------------------------------
2015-06-17 16:41:49,242, DEBUG, subprocess call: 'pa273_v1.py'
2015-06-17 16:41:53,190, INFO,  ---------------------- root (C:\Users\fredr_000\Git\PA273-Potentiostat-Software\main.py) --------------------------------
2015-06-17 16:41:53,190, DEBUG, subprocess call: 'pa273_v1.py'
2015-06-17 16:42:07,447, INFO,  ---------------------- root (main.py) --------------------------------
2015-06-17 16:42:07,447, DEBUG, subprocess call: 'pa273_v1.py -s'
2015-06-17 16:47:54,023, INFO,  ---------------------- root (C:\Users\fredr_000\Git\PA273-Potentiostat-Software\main.py) --------------------------------
2015-06-17 16:47:54,025, DEBUG, subprocess call: 'pa273_v1.py'
2015-06-17 16:47:58,328, INFO,  ---------------------- root (C:\Users\fredr_000\Git\PA273-Potentiostat-Software\main.py) --------------------------------
2015-06-17 16:47:58,328, DEBUG, subprocess call: 'pa273_v1.py'
2015-06-17 16:48:24,430, INFO,  ---------------------- root (C:\Users\fredr_000\Git\PA273-Potentiostat-Software\main.py) --------------------------------
2015-06-17 16:48:24,430, DEBUG, subprocess call: 'pa273_v1.py'
2015-06-17 16:48:25,848, INFO,  ---------------------- root (C:\Users\fredr_000\Git\PA273-Potentiostat-Software\main.py) --------------------------------
2015-06-17 16:48:25,848, DEBUG, subprocess call: 'pa273_v1.py'
2015-06-17 16:48:43,575, INFO,  ---------------------- root (main.py) --------------------------------
2015-06-17 16:48:43,575, DEBUG, subprocess call: 'pa273_v1.py -s'
2015-06-18 12:21:43,555, INFO,  ---------------------- root (C:\Users\fredr_000\Git\PA273-Potentiostat-Software\main.py) --------------------------------
2015-06-18 12:21:43,571, DEBUG, subprocess call: 'pa273_v1.py'
2015-06-18 12:21:45,946, INFO,  ---------------------- root (C:\Users\fredr_000\Git\PA273-Potentiostat-Software\main.py) --------------------------------
2015-06-18 12:21:45,946, DEBUG, subprocess call: 'pa273_v1.py'
2015-06-18 12:21:57,055, INFO,  ---------------------- root (C:\Users\fredr_000\Git\PA273-Potentiostat-Software\main.py) --------------------------------
2015-06-18 12:21:57,055, DEBUG, subprocess call: 'pa273_v1.py'
2015-06-18 13:03:21,346, INFO,  ---------------------- root (C:\Users\fredr_000\Git\PA273-Potentiostat-Software\main.py) --------------------------------
2015-06-18 13:03:21,451, DEBUG, subprocess call: 'pa273_v1.py'
2015-06-18 13:03:25,983, INFO,  ---------------------- root (C:\Users\fredr_000\Git\PA273-Potentiostat-Software\main.py) --------------------------------
2015-06-18 13:03:25,999, DEBUG, subprocess call: 'pa273_v1.py'
2015-06-18 13:04:39,427, INFO,  ---------------------- root (C:\Users\fredr_000\Git\PA273-Potentiostat-Software\main.py) --------------------------------
2015-06-18 13:04:39,428, DEBUG, subprocess call: 'pa273_v1.py'
2015-06-30 11:45:01,668, INFO,  ---------------------- root (C:\Users\fredr_000\Git\PA273-Potentiostat-Software\main.py) --------------------------------
2015-06-30 11:45:01,700, DEBUG, subprocess call: 'pa273_v1.py'
2015-06-30 11:45:07,638, INFO,  ---------------------- root (C:\Users\fredr_000\Git\PA273-Potentiostat-Software\main.py) --------------------------------
2015-06-30 11:45:07,654, DEBUG, subprocess call: 'pa273_v1.py'
2015-06-30 11:45:11,967, INFO,  ---------------------- root (C:\Users\fredr_000\Git\PA273-Potentiostat-Software\main.py) --------------------------------
2015-06-30 11:45:11,967, DEBUG, subprocess call: 'pa273_v1.py'
2015-06-30 11:45:16,997, INFO,  ---------------------- root (C:\Users\fredr_000\Git\PA273-Potentiostat-Software\main.py) --------------------------------
2015-06-30 11:45:16,997, DEBUG, subprocess call: 'pa273_v1.py'
2015-06-30 11:45:27,826, INFO,  ---------------------- root (main.py) --------------------------------
2015-06-30 11:45:27,826, DEBUG, subprocess call: 'pa273_v1.py -s'
2015-06-30 11:45:52,176, INFO,  ---------------------- root (main.py) --------------------------------
2015-06-30 11:45:52,176, DEBUG, subprocess call: 'pa273_v1.py'
2015-06-30 13:18:45,288,                                     INFO,  ---------------------- root (main.py)                 --------------------------------
2015-06-30 13:18:45,288,                                     DEBUG, subprocess call: 'pa273_v1.py -s'
2015-06-30 13:32:06,858,                                     INFO,  ---------------------- root (C:\Users\fredr_000\Git\PA273-Potentiostat-Software\main.py)                 --------------------------------
2015-06-30 13:32:06,859,                                     DEBUG, subprocess call: 'pa273_v1.py'
2015-06-30 13:32:21,585,                                     INFO,  ---------------------- root (C:\Users\fredr_000\Git\PA273-Potentiostat-Software\main.py)                 --------------------------------
2015-06-30 13:32:21,585,                                     DEBUG, subprocess call: 'pa273_v1.py'
2015-06-30 13:32:40,039,                                     INFO,  ---------------------- root (C:\Users\fredr_000\Git\PA273-Potentiostat-Software\main.py)                 --------------------------------
2015-06-30 13:32:40,039,                                     DEBUG, subprocess call: 'pa273_v1.py'
2015-06-30 13:32:53,947,                                     INFO,  ---------------------- root (C:\Users\fredr_000\Git\PA273-Potentiostat-Software\main.py)                 --------------------------------
2015-06-30 13:32:53,947,                                     DEBUG, subprocess call: 'pa273_v1.py'
2015-06-30 13:33:00,690,                                     INFO,  ---------------------- root (main.py)                 --------------------------------
2015-06-30 13:33:00,690,                                     DEBUG, subprocess call: 'pa273_v1.py -s'
2015-06-30 13:34:26,207,                                     INFO,  ---------------------- root (main.py)                 --------------------------------
2015-06-30 13:34:26,207,                                     DEBUG, subprocess call: 'pa273_v1.py -s'
2015-06-30 13:35:04,812,                                     INFO,  ---------------------- root (main.py)                 --------------------------------
2015-06-30 13:35:04,813,                                     DEBUG, subprocess call: 'pa273_v1.py -s'
2015-06-30 13:39:07,219,                                     INFO,  ---------------------- root (main.py)                 --------------------------------
2015-06-30 13:39:07,219,                                     DEBUG, subprocess call: 'pa273_v1.py -s'
2015-06-30 13:39:14,003,                                     INFO,  ---------------------- root (main.py)                 --------------------------------
2015-06-30 13:39:14,003,                                     DEBUG, subprocess call: 'pa273_v1.py -s'
2015-06-30 13:41:50,661,                                     INFO,  ---------------------- root (main.py)                 --------------------------------
2015-06-30 13:41:50,661,                                     DEBUG, subprocess call: 'pa273_v1.py -s'
2015-06-30 13:43:27,196,                                     INFO,  ---------------------- root (main.py)                 --------------------------------
2015-06-30 13:43:27,196,                                     DEBUG, subprocess call: 'pa273_v1.py -s'
2015-06-30 13:47:03,829,                                     INFO,  ---------------------- root (main.py)                 --------------------------------
2015-06-30 13:47:03,829,                                     DEBUG, subprocess call: 'pa273_v1.py -s'
2015-06-30 13:47:11,944,                                     INFO,  ---------------------- root (main.py)                 --------------------------------
2015-06-30 13:47:11,944,                                     DEBUG, subprocess call: 'pa273_v1.py -s'
2015-06-30 13:47:27,392,                                     INFO,  ---------------------- root (main.py)                 --------------------------------
2015-06-30 13:47:27,392,                                     DEBUG, subprocess call: 'pa273_v1.py -s'
2015-06-30 13:51:31,230,                                     INFO,  ---------------------- root (main.py)                 --------------------------------
2015-06-30 13:51:31,230,                                     DEBUG, subprocess call: 'pa273_v1.py -s'
2015-06-30 13:59:37,891,                                     INFO,  ---------------------- root (main.py)                 --------------------------------
2015-06-30 13:59:37,891,                                     DEBUG, subprocess call: 'pa273_v1.py -s'
2015-06-30 14:01:38,312,                                     INFO,  ---------------------- root (main.py)                 --------------------------------
2015-06-30 14:01:38,312,                                     DEBUG, subprocess call: 'pa273_v1.py-s'
2015-06-30 14:02:04,176,                                     INFO,  ---------------------- root (main.py)                 --------------------------------
2015-06-30 14:02:04,176,                                     DEBUG, subprocess call: 'pa273_v1.py -s'
2015-06-30 14:06:14,785,                                     INFO,  ---------------------- root (main.py)                 --------------------------------
2015-06-30 14:06:14,786,                                     DEBUG, subprocess call: 'python pa273_v1.py -s'
