2015-06-17 13:04:25,884, INFO,  ---------------------- root (C:\Users\fredr_000\Git\PA273-Potentiostat-Software\postrun.py) --------------------------------
2015-06-17 13:06:17,640, INFO,  ---------------------- root (C:\Users\fredr_000\Git\PA273-Potentiostat-Software\postrun.py) --------------------------------
2015-06-17 13:06:18,342, DEBUG, time list values: [0.983000040054]
2015-06-17 13:06:18,342, DEBUG, bias list values: [0.0]
2015-06-17 13:06:18,342, DEBUG, current list values: [1829.0]
2015-06-17 13:06:18,342, DEBUG, time list values: [0.983000040054, 0.983000040054]
2015-06-17 13:06:18,342, DEBUG, bias list values: [0.0, 0.0]
2015-06-17 13:06:18,342, DEBUG, current list values: [1829.0, 1020.0]
2015-06-17 13:06:18,342, DEBUG, time list values: [0.983000040054, 0.983000040054, 4.74799990654]
2015-06-17 13:06:18,342, DEBUG, bias list values: [0.0, 0.0, 0.0]
2015-06-17 13:06:18,342, DEBUG, current list values: [1829.0, 1020.0, 1581.0]
2015-06-17 13:06:18,342, DEBUG, time list values: [0.983000040054, 0.983000040054, 4.74799990654, 4.74799990654]
2015-06-17 13:06:18,342, DEBUG, bias list values: [0.0, 0.0, 0.0, 100.0]
2015-06-17 13:06:18,342, DEBUG, current list values: [1829.0, 1020.0, 1581.0, 1155.0]
2015-06-17 13:06:18,342, DEBUG, time list values: [0.983000040054, 0.983000040054, 4.74799990654, 4.74799990654, 6.13199996948]
2015-06-17 13:06:18,342, DEBUG, bias list values: [0.0, 0.0, 0.0, 100.0, 100.0]
2015-06-17 13:06:18,342, DEBUG, current list values: [1829.0, 1020.0, 1581.0, 1155.0, 1398.0]
2015-06-17 13:06:18,342, DEBUG, time list values: [0.983000040054, 0.983000040054, 4.74799990654, 4.74799990654, 6.13199996948, 6.13199996948]
2015-06-17 13:06:18,342, DEBUG, bias list values: [0.0, 0.0, 0.0, 100.0, 100.0, 500.0]
2015-06-17 13:06:18,342, DEBUG, current list values: [1829.0, 1020.0, 1581.0, 1155.0, 1398.0, 1500.0]
2015-06-17 13:06:18,342, DEBUG, time list values: [0.983000040054, 0.983000040054, 4.74799990654, 4.74799990654, 6.13199996948, 6.13199996948, 7.79799985886]
2015-06-17 13:06:18,342, DEBUG, bias list values: [0.0, 0.0, 0.0, 100.0, 100.0, 500.0, 500.0]
2015-06-17 13:06:18,342, DEBUG, current list values: [1829.0, 1020.0, 1581.0, 1155.0, 1398.0, 1500.0, 339.0]
2015-06-17 13:06:18,342, DEBUG, time list values: [0.983000040054, 0.983000040054, 4.74799990654, 4.74799990654, 6.13199996948, 6.13199996948, 7.79799985886, 7.79799985886]
2015-06-17 13:06:18,342, DEBUG, bias list values: [0.0, 0.0, 0.0, 100.0, 100.0, 500.0, 500.0, 1000.0]
2015-06-17 13:06:18,342, DEBUG, current list values: [1829.0, 1020.0, 1581.0, 1155.0, 1398.0, 1500.0, 339.0, 831.0]
2015-06-17 13:06:18,342, DEBUG, time list values: [0.983000040054, 0.983000040054, 4.74799990654, 4.74799990654, 6.13199996948, 6.13199996948, 7.79799985886, 7.79799985886, 9.53500008583]
2015-06-17 13:06:18,342, DEBUG, bias list values: [0.0, 0.0, 0.0, 100.0, 100.0, 500.0, 500.0, 1000.0, 1000.0]
2015-06-17 13:06:18,342, DEBUG, current list values: [1829.0, 1020.0, 1581.0, 1155.0, 1398.0, 1500.0, 339.0, 831.0, 268.0]
2015-06-17 13:06:18,342, DEBUG, time list values: [0.983000040054, 0.983000040054, 4.74799990654, 4.74799990654, 6.13199996948, 6.13199996948, 7.79799985886, 7.79799985886, 9.53500008583, 9.53500008583]
2015-06-17 13:06:18,342, DEBUG, bias list values: [0.0, 0.0, 0.0, 100.0, 100.0, 500.0, 500.0, 1000.0, 1000.0, 0.0]
2015-06-17 13:06:18,342, DEBUG, current list values: [1829.0, 1020.0, 1581.0, 1155.0, 1398.0, 1500.0, 339.0, 831.0, 268.0, 1913.0]
2015-06-17 13:06:18,342, DEBUG, time list values: [0.983000040054, 0.983000040054, 4.74799990654, 4.74799990654, 6.13199996948, 6.13199996948, 7.79799985886, 7.79799985886, 9.53500008583, 9.53500008583, 11.0659999847]
2015-06-17 13:06:18,342, DEBUG, bias list values: [0.0, 0.0, 0.0, 100.0, 100.0, 500.0, 500.0, 1000.0, 1000.0, 0.0, 0.0]
2015-06-17 13:06:18,342, DEBUG, current list values: [1829.0, 1020.0, 1581.0, 1155.0, 1398.0, 1500.0, 339.0, 831.0, 268.0, 1913.0, 1591.0]
2015-06-17 13:06:18,342, DEBUG, time list values: [0.983000040054, 0.983000040054, 4.74799990654, 4.74799990654, 6.13199996948, 6.13199996948, 7.79799985886, 7.79799985886, 9.53500008583, 9.53500008583, 11.0659999847, 11.0659999847]
2015-06-17 13:06:18,342, DEBUG, bias list values: [0.0, 0.0, 0.0, 100.0, 100.0, 500.0, 500.0, 1000.0, 1000.0, 0.0, 0.0, -500.0]
2015-06-17 13:06:18,342, DEBUG, current list values: [1829.0, 1020.0, 1581.0, 1155.0, 1398.0, 1500.0, 339.0, 831.0, 268.0, 1913.0, 1591.0, 916.0]
2015-06-17 13:06:18,342, DEBUG, time list values: [0.983000040054, 0.983000040054, 4.74799990654, 4.74799990654, 6.13199996948, 6.13199996948, 7.79799985886, 7.79799985886, 9.53500008583, 9.53500008583, 11.0659999847, 11.0659999847, 11.0659999847]
2015-06-17 13:06:18,342, DEBUG, bias list values: [0.0, 0.0, 0.0, 100.0, 100.0, 500.0, 500.0, 1000.0, 1000.0, 0.0, 0.0, -500.0, -1000.0]
2015-06-17 13:06:18,342, DEBUG, current list values: [1829.0, 1020.0, 1581.0, 1155.0, 1398.0, 1500.0, 339.0, 831.0, 268.0, 1913.0, 1591.0, 916.0, 505.0]
2015-06-17 13:06:18,342, DEBUG, time list values: [0.983000040054, 0.983000040054, 4.74799990654, 4.74799990654, 6.13199996948, 6.13199996948, 7.79799985886, 7.79799985886, 9.53500008583, 9.53500008583, 11.0659999847, 11.0659999847, 11.0659999847, 12.6749999523]
2015-06-17 13:06:18,342, DEBUG, bias list values: [0.0, 0.0, 0.0, 100.0, 100.0, 500.0, 500.0, 1000.0, 1000.0, 0.0, 0.0, -500.0, -1000.0, -1000.0]
2015-06-17 13:06:18,342, DEBUG, current list values: [1829.0, 1020.0, 1581.0, 1155.0, 1398.0, 1500.0, 339.0, 831.0, 268.0, 1913.0, 1591.0, 916.0, 505.0, 1647.0]
2015-06-17 13:06:18,342, DEBUG, time list values: [0.983000040054, 0.983000040054, 4.74799990654, 4.74799990654, 6.13199996948, 6.13199996948, 7.79799985886, 7.79799985886, 9.53500008583, 9.53500008583, 11.0659999847, 11.0659999847, 11.0659999847, 12.6749999523, 12.6749999523]
2015-06-17 13:06:18,342, DEBUG, bias list values: [0.0, 0.0, 0.0, 100.0, 100.0, 500.0, 500.0, 1000.0, 1000.0, 0.0, 0.0, -500.0, -1000.0, -1000.0, -500.0]
2015-06-17 13:06:18,342, DEBUG, current list values: [1829.0, 1020.0, 1581.0, 1155.0, 1398.0, 1500.0, 339.0, 831.0, 268.0, 1913.0, 1591.0, 916.0, 505.0, 1647.0, 586.0]
2015-06-17 13:06:18,342, DEBUG, time list values: [0.983000040054, 0.983000040054, 4.74799990654, 4.74799990654, 6.13199996948, 6.13199996948, 7.79799985886, 7.79799985886, 9.53500008583, 9.53500008583, 11.0659999847, 11.0659999847, 11.0659999847, 12.6749999523, 12.6749999523, 14.0320000648]
2015-06-17 13:06:18,342, DEBUG, bias list values: [0.0, 0.0, 0.0, 100.0, 100.0, 500.0, 500.0, 1000.0, 1000.0, 0.0, 0.0, -500.0, -1000.0, -1000.0, -500.0, -500.0]
2015-06-17 13:06:18,342, DEBUG, current list values: [1829.0, 1020.0, 1581.0, 1155.0, 1398.0, 1500.0, 339.0, 831.0, 268.0, 1913.0, 1591.0, 916.0, 505.0, 1647.0, 586.0, 599.0]
2015-06-17 13:06:18,342, DEBUG, time list values: [0.983000040054, 0.983000040054, 4.74799990654, 4.74799990654, 6.13199996948, 6.13199996948, 7.79799985886, 7.79799985886, 9.53500008583, 9.53500008583, 11.0659999847, 11.0659999847, 11.0659999847, 12.6749999523, 12.6749999523, 14.0320000648, 14.0320000648]
2015-06-17 13:06:18,342, DEBUG, bias list values: [0.0, 0.0, 0.0, 100.0, 100.0, 500.0, 500.0, 1000.0, 1000.0, 0.0, 0.0, -500.0, -1000.0, -1000.0, -500.0, -500.0, -100.0]
2015-06-17 13:06:18,342, DEBUG, current list values: [1829.0, 1020.0, 1581.0, 1155.0, 1398.0, 1500.0, 339.0, 831.0, 268.0, 1913.0, 1591.0, 916.0, 505.0, 1647.0, 586.0, 599.0, 824.0]
2015-06-17 13:06:18,342, DEBUG, time list values: [0.983000040054, 0.983000040054, 4.74799990654, 4.74799990654, 6.13199996948, 6.13199996948, 7.79799985886, 7.79799985886, 9.53500008583, 9.53500008583, 11.0659999847, 11.0659999847, 11.0659999847, 12.6749999523, 12.6749999523, 14.0320000648, 14.0320000648, 15.246999979]
2015-06-17 13:06:18,342, DEBUG, bias list values: [0.0, 0.0, 0.0, 100.0, 100.0, 500.0, 500.0, 1000.0, 1000.0, 0.0, 0.0, -500.0, -1000.0, -1000.0, -500.0, -500.0, -100.0, -100.0]
2015-06-17 13:06:18,342, DEBUG, current list values: [1829.0, 1020.0, 1581.0, 1155.0, 1398.0, 1500.0, 339.0, 831.0, 268.0, 1913.0, 1591.0, 916.0, 505.0, 1647.0, 586.0, 599.0, 824.0, 640.0]
2015-06-17 13:06:18,342, DEBUG, time list values: [0.983000040054, 0.983000040054, 4.74799990654, 4.74799990654, 6.13199996948, 6.13199996948, 7.79799985886, 7.79799985886, 9.53500008583, 9.53500008583, 11.0659999847, 11.0659999847, 11.0659999847, 12.6749999523, 12.6749999523, 14.0320000648, 14.0320000648, 15.246999979, 15.246999979]
2015-06-17 13:06:18,342, DEBUG, bias list values: [0.0, 0.0, 0.0, 100.0, 100.0, 500.0, 500.0, 1000.0, 1000.0, 0.0, 0.0, -500.0, -1000.0, -1000.0, -500.0, -500.0, -100.0, -100.0, 0.0]
2015-06-17 13:06:18,342, DEBUG, current list values: [1829.0, 1020.0, 1581.0, 1155.0, 1398.0, 1500.0, 339.0, 831.0, 268.0, 1913.0, 1591.0, 916.0, 505.0, 1647.0, 586.0, 599.0, 824.0, 640.0, 113.0]
2015-06-17 13:06:18,342, DEBUG, time list values: [0.983000040054, 0.983000040054, 4.74799990654, 4.74799990654, 6.13199996948, 6.13199996948, 7.79799985886, 7.79799985886, 9.53500008583, 9.53500008583, 11.0659999847, 11.0659999847, 11.0659999847, 12.6749999523, 12.6749999523, 14.0320000648, 14.0320000648, 15.246999979, 15.246999979, 16.3510000706]
2015-06-17 13:06:18,342, DEBUG, bias list values: [0.0, 0.0, 0.0, 100.0, 100.0, 500.0, 500.0, 1000.0, 1000.0, 0.0, 0.0, -500.0, -1000.0, -1000.0, -500.0, -500.0, -100.0, -100.0, 0.0, 0.0]
2015-06-17 13:06:18,342, DEBUG, current list values: [1829.0, 1020.0, 1581.0, 1155.0, 1398.0, 1500.0, 339.0, 831.0, 268.0, 1913.0, 1591.0, 916.0, 505.0, 1647.0, 586.0, 599.0, 824.0, 640.0, 113.0, 1320.0]
2015-06-17 13:06:18,342, DEBUG, n_d_time arg values: [0.983000040054, 0.983000040054, 4.74799990654, 4.74799990654, 6.13199996948, 6.13199996948, 7.79799985886, 7.79799985886, 9.53500008583, 9.53500008583, 11.0659999847, 11.0659999847, 11.0659999847, 12.6749999523, 12.6749999523, 14.0320000648, 14.0320000648, 15.246999979, 15.246999979, 16.3510000706]
2015-06-17 13:06:18,342, DEBUG, n_d1_bias arg values: [0.0, 0.0, 0.0, 100.0, 100.0, 500.0, 500.0, 1000.0, 1000.0, 0.0, 0.0, -500.0, -1000.0, -1000.0, -500.0, -500.0, -100.0, -100.0, 0.0, 0.0]
2015-06-17 13:06:18,342, DEBUG, n_d2_current arg values: [1829.0, 1020.0, 1581.0, 1155.0, 1398.0, 1500.0, 339.0, 831.0, 268.0, 1913.0, 1591.0, 916.0, 505.0, 1647.0, 586.0, 599.0, 824.0, 640.0, 113.0, 1320.0]
2015-06-17 13:09:25,730, INFO,  ---------------------- root (postrun.py) --------------------------------
2015-06-17 13:09:26,344, DEBUG, time list values: [0.983000040054]
2015-06-17 13:09:26,345, DEBUG, bias list values: [0.0]
2015-06-17 13:09:26,345, DEBUG, current list values: [1829.0]
2015-06-17 13:09:26,345, DEBUG, time list values: [0.983000040054, 0.983000040054]
2015-06-17 13:09:26,345, DEBUG, bias list values: [0.0, 0.0]
2015-06-17 13:09:26,345, DEBUG, current list values: [1829.0, 1020.0]
2015-06-17 13:09:26,345, DEBUG, time list values: [0.983000040054, 0.983000040054, 4.74799990654]
2015-06-17 13:09:26,345, DEBUG, bias list values: [0.0, 0.0, 0.0]
2015-06-17 13:09:26,345, DEBUG, current list values: [1829.0, 1020.0, 1581.0]
2015-06-17 13:09:26,345, DEBUG, time list values: [0.983000040054, 0.983000040054, 4.74799990654, 4.74799990654]
2015-06-17 13:09:26,345, DEBUG, bias list values: [0.0, 0.0, 0.0, 100.0]
2015-06-17 13:09:26,345, DEBUG, current list values: [1829.0, 1020.0, 1581.0, 1155.0]
2015-06-17 13:09:26,345, DEBUG, time list values: [0.983000040054, 0.983000040054, 4.74799990654, 4.74799990654, 6.13199996948]
2015-06-17 13:09:26,345, DEBUG, bias list values: [0.0, 0.0, 0.0, 100.0, 100.0]
2015-06-17 13:09:26,345, DEBUG, current list values: [1829.0, 1020.0, 1581.0, 1155.0, 1398.0]
2015-06-17 13:09:26,345, DEBUG, time list values: [0.983000040054, 0.983000040054, 4.74799990654, 4.74799990654, 6.13199996948, 6.13199996948]
2015-06-17 13:09:26,345, DEBUG, bias list values: [0.0, 0.0, 0.0, 100.0, 100.0, 500.0]
2015-06-17 13:09:26,345, DEBUG, current list values: [1829.0, 1020.0, 1581.0, 1155.0, 1398.0, 1500.0]
2015-06-17 13:09:26,345, DEBUG, time list values: [0.983000040054, 0.983000040054, 4.74799990654, 4.74799990654, 6.13199996948, 6.13199996948, 7.79799985886]
2015-06-17 13:09:26,345, DEBUG, bias list values: [0.0, 0.0, 0.0, 100.0, 100.0, 500.0, 500.0]
2015-06-17 13:09:26,345, DEBUG, current list values: [1829.0, 1020.0, 1581.0, 1155.0, 1398.0, 1500.0, 339.0]
2015-06-17 13:09:26,345, DEBUG, time list values: [0.983000040054, 0.983000040054, 4.74799990654, 4.74799990654, 6.13199996948, 6.13199996948, 7.79799985886, 7.79799985886]
2015-06-17 13:09:26,345, DEBUG, bias list values: [0.0, 0.0, 0.0, 100.0, 100.0, 500.0, 500.0, 1000.0]
2015-06-17 13:09:26,345, DEBUG, current list values: [1829.0, 1020.0, 1581.0, 1155.0, 1398.0, 1500.0, 339.0, 831.0]
2015-06-17 13:09:26,346, DEBUG, time list values: [0.983000040054, 0.983000040054, 4.74799990654, 4.74799990654, 6.13199996948, 6.13199996948, 7.79799985886, 7.79799985886, 9.53500008583]
2015-06-17 13:09:26,346, DEBUG, bias list values: [0.0, 0.0, 0.0, 100.0, 100.0, 500.0, 500.0, 1000.0, 1000.0]
2015-06-17 13:09:26,346, DEBUG, current list values: [1829.0, 1020.0, 1581.0, 1155.0, 1398.0, 1500.0, 339.0, 831.0, 268.0]
2015-06-17 13:09:26,346, DEBUG, time list values: [0.983000040054, 0.983000040054, 4.74799990654, 4.74799990654, 6.13199996948, 6.13199996948, 7.79799985886, 7.79799985886, 9.53500008583, 9.53500008583]
2015-06-17 13:09:26,346, DEBUG, bias list values: [0.0, 0.0, 0.0, 100.0, 100.0, 500.0, 500.0, 1000.0, 1000.0, 0.0]
2015-06-17 13:09:26,346, DEBUG, current list values: [1829.0, 1020.0, 1581.0, 1155.0, 1398.0, 1500.0, 339.0, 831.0, 268.0, 1913.0]
2015-06-17 13:09:26,346, DEBUG, time list values: [0.983000040054, 0.983000040054, 4.74799990654, 4.74799990654, 6.13199996948, 6.13199996948, 7.79799985886, 7.79799985886, 9.53500008583, 9.53500008583, 11.0659999847]
2015-06-17 13:09:26,346, DEBUG, bias list values: [0.0, 0.0, 0.0, 100.0, 100.0, 500.0, 500.0, 1000.0, 1000.0, 0.0, 0.0]
2015-06-17 13:09:26,346, DEBUG, current list values: [1829.0, 1020.0, 1581.0, 1155.0, 1398.0, 1500.0, 339.0, 831.0, 268.0, 1913.0, 1591.0]
2015-06-17 13:09:26,346, DEBUG, time list values: [0.983000040054, 0.983000040054, 4.74799990654, 4.74799990654, 6.13199996948, 6.13199996948, 7.79799985886, 7.79799985886, 9.53500008583, 9.53500008583, 11.0659999847, 11.0659999847]
2015-06-17 13:09:26,346, DEBUG, bias list values: [0.0, 0.0, 0.0, 100.0, 100.0, 500.0, 500.0, 1000.0, 1000.0, 0.0, 0.0, -500.0]
2015-06-17 13:09:26,346, DEBUG, current list values: [1829.0, 1020.0, 1581.0, 1155.0, 1398.0, 1500.0, 339.0, 831.0, 268.0, 1913.0, 1591.0, 916.0]
2015-06-17 13:09:26,348, DEBUG, time list values: [0.983000040054, 0.983000040054, 4.74799990654, 4.74799990654, 6.13199996948, 6.13199996948, 7.79799985886, 7.79799985886, 9.53500008583, 9.53500008583, 11.0659999847, 11.0659999847, 11.0659999847]
2015-06-17 13:09:26,348, DEBUG, bias list values: [0.0, 0.0, 0.0, 100.0, 100.0, 500.0, 500.0, 1000.0, 1000.0, 0.0, 0.0, -500.0, -1000.0]
2015-06-17 13:09:26,348, DEBUG, current list values: [1829.0, 1020.0, 1581.0, 1155.0, 1398.0, 1500.0, 339.0, 831.0, 268.0, 1913.0, 1591.0, 916.0, 505.0]
2015-06-17 13:09:26,348, DEBUG, time list values: [0.983000040054, 0.983000040054, 4.74799990654, 4.74799990654, 6.13199996948, 6.13199996948, 7.79799985886, 7.79799985886, 9.53500008583, 9.53500008583, 11.0659999847, 11.0659999847, 11.0659999847, 12.6749999523]
2015-06-17 13:09:26,348, DEBUG, bias list values: [0.0, 0.0, 0.0, 100.0, 100.0, 500.0, 500.0, 1000.0, 1000.0, 0.0, 0.0, -500.0, -1000.0, -1000.0]
2015-06-17 13:09:26,348, DEBUG, current list values: [1829.0, 1020.0, 1581.0, 1155.0, 1398.0, 1500.0, 339.0, 831.0, 268.0, 1913.0, 1591.0, 916.0, 505.0, 1647.0]
2015-06-17 13:09:26,348, DEBUG, time list values: [0.983000040054, 0.983000040054, 4.74799990654, 4.74799990654, 6.13199996948, 6.13199996948, 7.79799985886, 7.79799985886, 9.53500008583, 9.53500008583, 11.0659999847, 11.0659999847, 11.0659999847, 12.6749999523, 12.6749999523]
2015-06-17 13:09:26,348, DEBUG, bias list values: [0.0, 0.0, 0.0, 100.0, 100.0, 500.0, 500.0, 1000.0, 1000.0, 0.0, 0.0, -500.0, -1000.0, -1000.0, -500.0]
2015-06-17 13:09:26,348, DEBUG, current list values: [1829.0, 1020.0, 1581.0, 1155.0, 1398.0, 1500.0, 339.0, 831.0, 268.0, 1913.0, 1591.0, 916.0, 505.0, 1647.0, 586.0]
2015-06-17 13:09:26,348, DEBUG, time list values: [0.983000040054, 0.983000040054, 4.74799990654, 4.74799990654, 6.13199996948, 6.13199996948, 7.79799985886, 7.79799985886, 9.53500008583, 9.53500008583, 11.0659999847, 11.0659999847, 11.0659999847, 12.6749999523, 12.6749999523, 14.0320000648]
2015-06-17 13:09:26,348, DEBUG, bias list values: [0.0, 0.0, 0.0, 100.0, 100.0, 500.0, 500.0, 1000.0, 1000.0, 0.0, 0.0, -500.0, -1000.0, -1000.0, -500.0, -500.0]
2015-06-17 13:09:26,348, DEBUG, current list values: [1829.0, 1020.0, 1581.0, 1155.0, 1398.0, 1500.0, 339.0, 831.0, 268.0, 1913.0, 1591.0, 916.0, 505.0, 1647.0, 586.0, 599.0]
2015-06-17 13:09:26,348, DEBUG, time list values: [0.983000040054, 0.983000040054, 4.74799990654, 4.74799990654, 6.13199996948, 6.13199996948, 7.79799985886, 7.79799985886, 9.53500008583, 9.53500008583, 11.0659999847, 11.0659999847, 11.0659999847, 12.6749999523, 12.6749999523, 14.0320000648, 14.0320000648]
2015-06-17 13:09:26,348, DEBUG, bias list values: [0.0, 0.0, 0.0, 100.0, 100.0, 500.0, 500.0, 1000.0, 1000.0, 0.0, 0.0, -500.0, -1000.0, -1000.0, -500.0, -500.0, -100.0]
2015-06-17 13:09:26,348, DEBUG, current list values: [1829.0, 1020.0, 1581.0, 1155.0, 1398.0, 1500.0, 339.0, 831.0, 268.0, 1913.0, 1591.0, 916.0, 505.0, 1647.0, 586.0, 599.0, 824.0]
2015-06-17 13:09:26,348, DEBUG, time list values: [0.983000040054, 0.983000040054, 4.74799990654, 4.74799990654, 6.13199996948, 6.13199996948, 7.79799985886, 7.79799985886, 9.53500008583, 9.53500008583, 11.0659999847, 11.0659999847, 11.0659999847, 12.6749999523, 12.6749999523, 14.0320000648, 14.0320000648, 15.246999979]
2015-06-17 13:09:26,348, DEBUG, bias list values: [0.0, 0.0, 0.0, 100.0, 100.0, 500.0, 500.0, 1000.0, 1000.0, 0.0, 0.0, -500.0, -1000.0, -1000.0, -500.0, -500.0, -100.0, -100.0]
2015-06-17 13:09:26,348, DEBUG, current list values: [1829.0, 1020.0, 1581.0, 1155.0, 1398.0, 1500.0, 339.0, 831.0, 268.0, 1913.0, 1591.0, 916.0, 505.0, 1647.0, 586.0, 599.0, 824.0, 640.0]
2015-06-17 13:09:26,348, DEBUG, time list values: [0.983000040054, 0.983000040054, 4.74799990654, 4.74799990654, 6.13199996948, 6.13199996948, 7.79799985886, 7.79799985886, 9.53500008583, 9.53500008583, 11.0659999847, 11.0659999847, 11.0659999847, 12.6749999523, 12.6749999523, 14.0320000648, 14.0320000648, 15.246999979, 15.246999979]
2015-06-17 13:09:26,348, DEBUG, bias list values: [0.0, 0.0, 0.0, 100.0, 100.0, 500.0, 500.0, 1000.0, 1000.0, 0.0, 0.0, -500.0, -1000.0, -1000.0, -500.0, -500.0, -100.0, -100.0, 0.0]
2015-06-17 13:09:26,348, DEBUG, current list values: [1829.0, 1020.0, 1581.0, 1155.0, 1398.0, 1500.0, 339.0, 831.0, 268.0, 1913.0, 1591.0, 916.0, 505.0, 1647.0, 586.0, 599.0, 824.0, 640.0, 113.0]
2015-06-17 13:09:26,348, DEBUG, time list values: [0.983000040054, 0.983000040054, 4.74799990654, 4.74799990654, 6.13199996948, 6.13199996948, 7.79799985886, 7.79799985886, 9.53500008583, 9.53500008583, 11.0659999847, 11.0659999847, 11.0659999847, 12.6749999523, 12.6749999523, 14.0320000648, 14.0320000648, 15.246999979, 15.246999979, 16.3510000706]
2015-06-17 13:09:26,349, DEBUG, bias list values: [0.0, 0.0, 0.0, 100.0, 100.0, 500.0, 500.0, 1000.0, 1000.0, 0.0, 0.0, -500.0, -1000.0, -1000.0, -500.0, -500.0, -100.0, -100.0, 0.0, 0.0]
2015-06-17 13:09:26,349, DEBUG, current list values: [1829.0, 1020.0, 1581.0, 1155.0, 1398.0, 1500.0, 339.0, 831.0, 268.0, 1913.0, 1591.0, 916.0, 505.0, 1647.0, 586.0, 599.0, 824.0, 640.0, 113.0, 1320.0]
2015-06-17 13:09:26,351, DEBUG, n_d_time arg values: [0.983000040054, 0.983000040054, 4.74799990654, 4.74799990654, 6.13199996948, 6.13199996948, 7.79799985886, 7.79799985886, 9.53500008583, 9.53500008583, 11.0659999847, 11.0659999847, 11.0659999847, 12.6749999523, 12.6749999523, 14.0320000648, 14.0320000648, 15.246999979, 15.246999979, 16.3510000706]
2015-06-17 13:09:26,351, DEBUG, n_d1_bias arg values: [0.0, 0.0, 0.0, 100.0, 100.0, 500.0, 500.0, 1000.0, 1000.0, 0.0, 0.0, -500.0, -1000.0, -1000.0, -500.0, -500.0, -100.0, -100.0, 0.0, 0.0]
2015-06-17 13:09:26,351, DEBUG, n_d2_current arg values: [1829.0, 1020.0, 1581.0, 1155.0, 1398.0, 1500.0, 339.0, 831.0, 268.0, 1913.0, 1591.0, 916.0, 505.0, 1647.0, 586.0, 599.0, 824.0, 640.0, 113.0, 1320.0]
2015-06-17 13:10:05,637, INFO,  ---------------------- root (.\postrun.py) --------------------------------
2015-06-17 13:10:06,341, DEBUG, time list values: [0.983000040054]
2015-06-17 13:10:06,341, DEBUG, bias list values: [0.0]
2015-06-17 13:10:06,341, DEBUG, current list values: [1829.0]
2015-06-17 13:10:06,341, DEBUG, time list values: [0.983000040054, 0.983000040054]
2015-06-17 13:10:06,341, DEBUG, bias list values: [0.0, 0.0]
2015-06-17 13:10:06,341, DEBUG, current list values: [1829.0, 1020.0]
2015-06-17 13:10:06,341, DEBUG, time list values: [0.983000040054, 0.983000040054, 4.74799990654]
2015-06-17 13:10:06,341, DEBUG, bias list values: [0.0, 0.0, 0.0]
2015-06-17 13:10:06,341, DEBUG, current list values: [1829.0, 1020.0, 1581.0]
2015-06-17 13:10:06,341, DEBUG, time list values: [0.983000040054, 0.983000040054, 4.74799990654, 4.74799990654]
2015-06-17 13:10:06,341, DEBUG, bias list values: [0.0, 0.0, 0.0, 100.0]
2015-06-17 13:10:06,341, DEBUG, current list values: [1829.0, 1020.0, 1581.0, 1155.0]
2015-06-17 13:10:06,341, DEBUG, time list values: [0.983000040054, 0.983000040054, 4.74799990654, 4.74799990654, 6.13199996948]
2015-06-17 13:10:06,341, DEBUG, bias list values: [0.0, 0.0, 0.0, 100.0, 100.0]
2015-06-17 13:10:06,341, DEBUG, current list values: [1829.0, 1020.0, 1581.0, 1155.0, 1398.0]
2015-06-17 13:10:06,341, DEBUG, time list values: [0.983000040054, 0.983000040054, 4.74799990654, 4.74799990654, 6.13199996948, 6.13199996948]
2015-06-17 13:10:06,341, DEBUG, bias list values: [0.0, 0.0, 0.0, 100.0, 100.0, 500.0]
2015-06-17 13:10:06,341, DEBUG, current list values: [1829.0, 1020.0, 1581.0, 1155.0, 1398.0, 1500.0]
2015-06-17 13:10:06,341, DEBUG, time list values: [0.983000040054, 0.983000040054, 4.74799990654, 4.74799990654, 6.13199996948, 6.13199996948, 7.79799985886]
2015-06-17 13:10:06,341, DEBUG, bias list values: [0.0, 0.0, 0.0, 100.0, 100.0, 500.0, 500.0]
2015-06-17 13:10:06,341, DEBUG, current list values: [1829.0, 1020.0, 1581.0, 1155.0, 1398.0, 1500.0, 339.0]
2015-06-17 13:10:06,341, DEBUG, time list values: [0.983000040054, 0.983000040054, 4.74799990654, 4.74799990654, 6.13199996948, 6.13199996948, 7.79799985886, 7.79799985886]
2015-06-17 13:10:06,341, DEBUG, bias list values: [0.0, 0.0, 0.0, 100.0, 100.0, 500.0, 500.0, 1000.0]
2015-06-17 13:10:06,341, DEBUG, current list values: [1829.0, 1020.0, 1581.0, 1155.0, 1398.0, 1500.0, 339.0, 831.0]
2015-06-17 13:10:06,341, DEBUG, time list values: [0.983000040054, 0.983000040054, 4.74799990654, 4.74799990654, 6.13199996948, 6.13199996948, 7.79799985886, 7.79799985886, 9.53500008583]
2015-06-17 13:10:06,341, DEBUG, bias list values: [0.0, 0.0, 0.0, 100.0, 100.0, 500.0, 500.0, 1000.0, 1000.0]
2015-06-17 13:10:06,341, DEBUG, current list values: [1829.0, 1020.0, 1581.0, 1155.0, 1398.0, 1500.0, 339.0, 831.0, 268.0]
2015-06-17 13:10:06,341, DEBUG, time list values: [0.983000040054, 0.983000040054, 4.74799990654, 4.74799990654, 6.13199996948, 6.13199996948, 7.79799985886, 7.79799985886, 9.53500008583, 9.53500008583]
2015-06-17 13:10:06,341, DEBUG, bias list values: [0.0, 0.0, 0.0, 100.0, 100.0, 500.0, 500.0, 1000.0, 1000.0, 0.0]
2015-06-17 13:10:06,341, DEBUG, current list values: [1829.0, 1020.0, 1581.0, 1155.0, 1398.0, 1500.0, 339.0, 831.0, 268.0, 1913.0]
2015-06-17 13:10:06,341, DEBUG, time list values: [0.983000040054, 0.983000040054, 4.74799990654, 4.74799990654, 6.13199996948, 6.13199996948, 7.79799985886, 7.79799985886, 9.53500008583, 9.53500008583, 11.0659999847]
2015-06-17 13:10:06,341, DEBUG, bias list values: [0.0, 0.0, 0.0, 100.0, 100.0, 500.0, 500.0, 1000.0, 1000.0, 0.0, 0.0]
2015-06-17 13:10:06,341, DEBUG, current list values: [1829.0, 1020.0, 1581.0, 1155.0, 1398.0, 1500.0, 339.0, 831.0, 268.0, 1913.0, 1591.0]
2015-06-17 13:10:06,341, DEBUG, time list values: [0.983000040054, 0.983000040054, 4.74799990654, 4.74799990654, 6.13199996948, 6.13199996948, 7.79799985886, 7.79799985886, 9.53500008583, 9.53500008583, 11.0659999847, 11.0659999847]
2015-06-17 13:10:06,341, DEBUG, bias list values: [0.0, 0.0, 0.0, 100.0, 100.0, 500.0, 500.0, 1000.0, 1000.0, 0.0, 0.0, -500.0]
2015-06-17 13:10:06,341, DEBUG, current list values: [1829.0, 1020.0, 1581.0, 1155.0, 1398.0, 1500.0, 339.0, 831.0, 268.0, 1913.0, 1591.0, 916.0]
2015-06-17 13:10:06,341, DEBUG, time list values: [0.983000040054, 0.983000040054, 4.74799990654, 4.74799990654, 6.13199996948, 6.13199996948, 7.79799985886, 7.79799985886, 9.53500008583, 9.53500008583, 11.0659999847, 11.0659999847, 11.0659999847]
2015-06-17 13:10:06,341, DEBUG, bias list values: [0.0, 0.0, 0.0, 100.0, 100.0, 500.0, 500.0, 1000.0, 1000.0, 0.0, 0.0, -500.0, -1000.0]
2015-06-17 13:10:06,341, DEBUG, current list values: [1829.0, 1020.0, 1581.0, 1155.0, 1398.0, 1500.0, 339.0, 831.0, 268.0, 1913.0, 1591.0, 916.0, 505.0]
2015-06-17 13:10:06,341, DEBUG, time list values: [0.983000040054, 0.983000040054, 4.74799990654, 4.74799990654, 6.13199996948, 6.13199996948, 7.79799985886, 7.79799985886, 9.53500008583, 9.53500008583, 11.0659999847, 11.0659999847, 11.0659999847, 12.6749999523]
2015-06-17 13:10:06,341, DEBUG, bias list values: [0.0, 0.0, 0.0, 100.0, 100.0, 500.0, 500.0, 1000.0, 1000.0, 0.0, 0.0, -500.0, -1000.0, -1000.0]
2015-06-17 13:10:06,341, DEBUG, current list values: [1829.0, 1020.0, 1581.0, 1155.0, 1398.0, 1500.0, 339.0, 831.0, 268.0, 1913.0, 1591.0, 916.0, 505.0, 1647.0]
2015-06-17 13:10:06,341, DEBUG, time list values: [0.983000040054, 0.983000040054, 4.74799990654, 4.74799990654, 6.13199996948, 6.13199996948, 7.79799985886, 7.79799985886, 9.53500008583, 9.53500008583, 11.0659999847, 11.0659999847, 11.0659999847, 12.6749999523, 12.6749999523]
2015-06-17 13:10:06,341, DEBUG, bias list values: [0.0, 0.0, 0.0, 100.0, 100.0, 500.0, 500.0, 1000.0, 1000.0, 0.0, 0.0, -500.0, -1000.0, -1000.0, -500.0]
2015-06-17 13:10:06,341, DEBUG, current list values: [1829.0, 1020.0, 1581.0, 1155.0, 1398.0, 1500.0, 339.0, 831.0, 268.0, 1913.0, 1591.0, 916.0, 505.0, 1647.0, 586.0]
2015-06-17 13:10:06,341, DEBUG, time list values: [0.983000040054, 0.983000040054, 4.74799990654, 4.74799990654, 6.13199996948, 6.13199996948, 7.79799985886, 7.79799985886, 9.53500008583, 9.53500008583, 11.0659999847, 11.0659999847, 11.0659999847, 12.6749999523, 12.6749999523, 14.0320000648]
2015-06-17 13:10:06,341, DEBUG, bias list values: [0.0, 0.0, 0.0, 100.0, 100.0, 500.0, 500.0, 1000.0, 1000.0, 0.0, 0.0, -500.0, -1000.0, -1000.0, -500.0, -500.0]
2015-06-17 13:10:06,341, DEBUG, current list values: [1829.0, 1020.0, 1581.0, 1155.0, 1398.0, 1500.0, 339.0, 831.0, 268.0, 1913.0, 1591.0, 916.0, 505.0, 1647.0, 586.0, 599.0]
2015-06-17 13:10:06,341, DEBUG, time list values: [0.983000040054, 0.983000040054, 4.74799990654, 4.74799990654, 6.13199996948, 6.13199996948, 7.79799985886, 7.79799985886, 9.53500008583, 9.53500008583, 11.0659999847, 11.0659999847, 11.0659999847, 12.6749999523, 12.6749999523, 14.0320000648, 14.0320000648]
2015-06-17 13:10:06,341, DEBUG, bias list values: [0.0, 0.0, 0.0, 100.0, 100.0, 500.0, 500.0, 1000.0, 1000.0, 0.0, 0.0, -500.0, -1000.0, -1000.0, -500.0, -500.0, -100.0]
2015-06-17 13:10:06,341, DEBUG, current list values: [1829.0, 1020.0, 1581.0, 1155.0, 1398.0, 1500.0, 339.0, 831.0, 268.0, 1913.0, 1591.0, 916.0, 505.0, 1647.0, 586.0, 599.0, 824.0]
2015-06-17 13:10:06,341, DEBUG, time list values: [0.983000040054, 0.983000040054, 4.74799990654, 4.74799990654, 6.13199996948, 6.13199996948, 7.79799985886, 7.79799985886, 9.53500008583, 9.53500008583, 11.0659999847, 11.0659999847, 11.0659999847, 12.6749999523, 12.6749999523, 14.0320000648, 14.0320000648, 15.246999979]
2015-06-17 13:10:06,341, DEBUG, bias list values: [0.0, 0.0, 0.0, 100.0, 100.0, 500.0, 500.0, 1000.0, 1000.0, 0.0, 0.0, -500.0, -1000.0, -1000.0, -500.0, -500.0, -100.0, -100.0]
2015-06-17 13:10:06,341, DEBUG, current list values: [1829.0, 1020.0, 1581.0, 1155.0, 1398.0, 1500.0, 339.0, 831.0, 268.0, 1913.0, 1591.0, 916.0, 505.0, 1647.0, 586.0, 599.0, 824.0, 640.0]
2015-06-17 13:10:06,341, DEBUG, time list values: [0.983000040054, 0.983000040054, 4.74799990654, 4.74799990654, 6.13199996948, 6.13199996948, 7.79799985886, 7.79799985886, 9.53500008583, 9.53500008583, 11.0659999847, 11.0659999847, 11.0659999847, 12.6749999523, 12.6749999523, 14.0320000648, 14.0320000648, 15.246999979, 15.246999979]
2015-06-17 13:10:06,341, DEBUG, bias list values: [0.0, 0.0, 0.0, 100.0, 100.0, 500.0, 500.0, 1000.0, 1000.0, 0.0, 0.0, -500.0, -1000.0, -1000.0, -500.0, -500.0, -100.0, -100.0, 0.0]
2015-06-17 13:10:06,341, DEBUG, current list values: [1829.0, 1020.0, 1581.0, 1155.0, 1398.0, 1500.0, 339.0, 831.0, 268.0, 1913.0, 1591.0, 916.0, 505.0, 1647.0, 586.0, 599.0, 824.0, 640.0, 113.0]
2015-06-17 13:10:06,341, DEBUG, time list values: [0.983000040054, 0.983000040054, 4.74799990654, 4.74799990654, 6.13199996948, 6.13199996948, 7.79799985886, 7.79799985886, 9.53500008583, 9.53500008583, 11.0659999847, 11.0659999847, 11.0659999847, 12.6749999523, 12.6749999523, 14.0320000648, 14.0320000648, 15.246999979, 15.246999979, 16.3510000706]
2015-06-17 13:10:06,341, DEBUG, bias list values: [0.0, 0.0, 0.0, 100.0, 100.0, 500.0, 500.0, 1000.0, 1000.0, 0.0, 0.0, -500.0, -1000.0, -1000.0, -500.0, -500.0, -100.0, -100.0, 0.0, 0.0]
2015-06-17 13:10:06,341, DEBUG, current list values: [1829.0, 1020.0, 1581.0, 1155.0, 1398.0, 1500.0, 339.0, 831.0, 268.0, 1913.0, 1591.0, 916.0, 505.0, 1647.0, 586.0, 599.0, 824.0, 640.0, 113.0, 1320.0]
2015-06-30 13:27:03,641, INFO,  ---------------------- root (C:\Users\fredr_000\Git\PA273-Potentiostat-Software\postrun.py) --------------------------------
2015-06-30 13:27:04,266, DEBUG, time list values: [0.983000040054]
2015-06-30 13:27:04,266, DEBUG, bias list values: [0.0]
2015-06-30 13:27:04,266, DEBUG, current list values: [1829.0]
2015-06-30 13:27:04,266, DEBUG, time list values: [0.983000040054, 0.983000040054]
2015-06-30 13:27:04,266, DEBUG, bias list values: [0.0, 0.0]
2015-06-30 13:27:04,266, DEBUG, current list values: [1829.0, 1020.0]
2015-06-30 13:27:04,266, DEBUG, time list values: [0.983000040054, 0.983000040054, 4.74799990654]
2015-06-30 13:27:04,266, DEBUG, bias list values: [0.0, 0.0, 0.0]
2015-06-30 13:27:04,266, DEBUG, current list values: [1829.0, 1020.0, 1581.0]
2015-06-30 13:27:04,266, DEBUG, time list values: [0.983000040054, 0.983000040054, 4.74799990654, 4.74799990654]
2015-06-30 13:27:04,266, DEBUG, bias list values: [0.0, 0.0, 0.0, 100.0]
2015-06-30 13:27:04,266, DEBUG, current list values: [1829.0, 1020.0, 1581.0, 1155.0]
2015-06-30 13:27:04,266, DEBUG, time list values: [0.983000040054, 0.983000040054, 4.74799990654, 4.74799990654, 6.13199996948]
2015-06-30 13:27:04,266, DEBUG, bias list values: [0.0, 0.0, 0.0, 100.0, 100.0]
2015-06-30 13:27:04,266, DEBUG, current list values: [1829.0, 1020.0, 1581.0, 1155.0, 1398.0]
2015-06-30 13:27:04,266, DEBUG, time list values: [0.983000040054, 0.983000040054, 4.74799990654, 4.74799990654, 6.13199996948, 6.13199996948]
2015-06-30 13:27:04,266, DEBUG, bias list values: [0.0, 0.0, 0.0, 100.0, 100.0, 500.0]
2015-06-30 13:27:04,266, DEBUG, current list values: [1829.0, 1020.0, 1581.0, 1155.0, 1398.0, 1500.0]
2015-06-30 13:27:04,266, DEBUG, time list values: [0.983000040054, 0.983000040054, 4.74799990654, 4.74799990654, 6.13199996948, 6.13199996948, 7.79799985886]
2015-06-30 13:27:04,266, DEBUG, bias list values: [0.0, 0.0, 0.0, 100.0, 100.0, 500.0, 500.0]
2015-06-30 13:27:04,266, DEBUG, current list values: [1829.0, 1020.0, 1581.0, 1155.0, 1398.0, 1500.0, 339.0]
2015-06-30 13:27:04,266, DEBUG, time list values: [0.983000040054, 0.983000040054, 4.74799990654, 4.74799990654, 6.13199996948, 6.13199996948, 7.79799985886, 7.79799985886]
2015-06-30 13:27:04,266, DEBUG, bias list values: [0.0, 0.0, 0.0, 100.0, 100.0, 500.0, 500.0, 1000.0]
2015-06-30 13:27:04,266, DEBUG, current list values: [1829.0, 1020.0, 1581.0, 1155.0, 1398.0, 1500.0, 339.0, 831.0]
2015-06-30 13:27:04,266, DEBUG, time list values: [0.983000040054, 0.983000040054, 4.74799990654, 4.74799990654, 6.13199996948, 6.13199996948, 7.79799985886, 7.79799985886, 9.53500008583]
2015-06-30 13:27:04,266, DEBUG, bias list values: [0.0, 0.0, 0.0, 100.0, 100.0, 500.0, 500.0, 1000.0, 1000.0]
2015-06-30 13:27:04,266, DEBUG, current list values: [1829.0, 1020.0, 1581.0, 1155.0, 1398.0, 1500.0, 339.0, 831.0, 268.0]
2015-06-30 13:27:04,266, DEBUG, time list values: [0.983000040054, 0.983000040054, 4.74799990654, 4.74799990654, 6.13199996948, 6.13199996948, 7.79799985886, 7.79799985886, 9.53500008583, 9.53500008583]
2015-06-30 13:27:04,266, DEBUG, bias list values: [0.0, 0.0, 0.0, 100.0, 100.0, 500.0, 500.0, 1000.0, 1000.0, 0.0]
2015-06-30 13:27:04,266, DEBUG, current list values: [1829.0, 1020.0, 1581.0, 1155.0, 1398.0, 1500.0, 339.0, 831.0, 268.0, 1913.0]
2015-06-30 13:27:04,266, DEBUG, time list values: [0.983000040054, 0.983000040054, 4.74799990654, 4.74799990654, 6.13199996948, 6.13199996948, 7.79799985886, 7.79799985886, 9.53500008583, 9.53500008583, 11.0659999847]
2015-06-30 13:27:04,266, DEBUG, bias list values: [0.0, 0.0, 0.0, 100.0, 100.0, 500.0, 500.0, 1000.0, 1000.0, 0.0, 0.0]
2015-06-30 13:27:04,266, DEBUG, current list values: [1829.0, 1020.0, 1581.0, 1155.0, 1398.0, 1500.0, 339.0, 831.0, 268.0, 1913.0, 1591.0]
2015-06-30 13:27:04,266, DEBUG, time list values: [0.983000040054, 0.983000040054, 4.74799990654, 4.74799990654, 6.13199996948, 6.13199996948, 7.79799985886, 7.79799985886, 9.53500008583, 9.53500008583, 11.0659999847, 11.0659999847]
2015-06-30 13:27:04,266, DEBUG, bias list values: [0.0, 0.0, 0.0, 100.0, 100.0, 500.0, 500.0, 1000.0, 1000.0, 0.0, 0.0, -500.0]
2015-06-30 13:27:04,266, DEBUG, current list values: [1829.0, 1020.0, 1581.0, 1155.0, 1398.0, 1500.0, 339.0, 831.0, 268.0, 1913.0, 1591.0, 916.0]
2015-06-30 13:27:04,266, DEBUG, time list values: [0.983000040054, 0.983000040054, 4.74799990654, 4.74799990654, 6.13199996948, 6.13199996948, 7.79799985886, 7.79799985886, 9.53500008583, 9.53500008583, 11.0659999847, 11.0659999847, 11.0659999847]
2015-06-30 13:27:04,266, DEBUG, bias list values: [0.0, 0.0, 0.0, 100.0, 100.0, 500.0, 500.0, 1000.0, 1000.0, 0.0, 0.0, -500.0, -1000.0]
2015-06-30 13:27:04,266, DEBUG, current list values: [1829.0, 1020.0, 1581.0, 1155.0, 1398.0, 1500.0, 339.0, 831.0, 268.0, 1913.0, 1591.0, 916.0, 505.0]
2015-06-30 13:27:04,266, DEBUG, time list values: [0.983000040054, 0.983000040054, 4.74799990654, 4.74799990654, 6.13199996948, 6.13199996948, 7.79799985886, 7.79799985886, 9.53500008583, 9.53500008583, 11.0659999847, 11.0659999847, 11.0659999847, 12.6749999523]
2015-06-30 13:27:04,266, DEBUG, bias list values: [0.0, 0.0, 0.0, 100.0, 100.0, 500.0, 500.0, 1000.0, 1000.0, 0.0, 0.0, -500.0, -1000.0, -1000.0]
2015-06-30 13:27:04,266, DEBUG, current list values: [1829.0, 1020.0, 1581.0, 1155.0, 1398.0, 1500.0, 339.0, 831.0, 268.0, 1913.0, 1591.0, 916.0, 505.0, 1647.0]
2015-06-30 13:27:04,266, DEBUG, time list values: [0.983000040054, 0.983000040054, 4.74799990654, 4.74799990654, 6.13199996948, 6.13199996948, 7.79799985886, 7.79799985886, 9.53500008583, 9.53500008583, 11.0659999847, 11.0659999847, 11.0659999847, 12.6749999523, 12.6749999523]
2015-06-30 13:27:04,266, DEBUG, bias list values: [0.0, 0.0, 0.0, 100.0, 100.0, 500.0, 500.0, 1000.0, 1000.0, 0.0, 0.0, -500.0, -1000.0, -1000.0, -500.0]
2015-06-30 13:27:04,266, DEBUG, current list values: [1829.0, 1020.0, 1581.0, 1155.0, 1398.0, 1500.0, 339.0, 831.0, 268.0, 1913.0, 1591.0, 916.0, 505.0, 1647.0, 586.0]
2015-06-30 13:27:04,266, DEBUG, time list values: [0.983000040054, 0.983000040054, 4.74799990654, 4.74799990654, 6.13199996948, 6.13199996948, 7.79799985886, 7.79799985886, 9.53500008583, 9.53500008583, 11.0659999847, 11.0659999847, 11.0659999847, 12.6749999523, 12.6749999523, 14.0320000648]
2015-06-30 13:27:04,266, DEBUG, bias list values: [0.0, 0.0, 0.0, 100.0, 100.0, 500.0, 500.0, 1000.0, 1000.0, 0.0, 0.0, -500.0, -1000.0, -1000.0, -500.0, -500.0]
2015-06-30 13:27:04,266, DEBUG, current list values: [1829.0, 1020.0, 1581.0, 1155.0, 1398.0, 1500.0, 339.0, 831.0, 268.0, 1913.0, 1591.0, 916.0, 505.0, 1647.0, 586.0, 599.0]
2015-06-30 13:27:04,266, DEBUG, time list values: [0.983000040054, 0.983000040054, 4.74799990654, 4.74799990654, 6.13199996948, 6.13199996948, 7.79799985886, 7.79799985886, 9.53500008583, 9.53500008583, 11.0659999847, 11.0659999847, 11.0659999847, 12.6749999523, 12.6749999523, 14.0320000648, 14.0320000648]
2015-06-30 13:27:04,266, DEBUG, bias list values: [0.0, 0.0, 0.0, 100.0, 100.0, 500.0, 500.0, 1000.0, 1000.0, 0.0, 0.0, -500.0, -1000.0, -1000.0, -500.0, -500.0, -100.0]
2015-06-30 13:27:04,266, DEBUG, current list values: [1829.0, 1020.0, 1581.0, 1155.0, 1398.0, 1500.0, 339.0, 831.0, 268.0, 1913.0, 1591.0, 916.0, 505.0, 1647.0, 586.0, 599.0, 824.0]
2015-06-30 13:27:04,266, DEBUG, time list values: [0.983000040054, 0.983000040054, 4.74799990654, 4.74799990654, 6.13199996948, 6.13199996948, 7.79799985886, 7.79799985886, 9.53500008583, 9.53500008583, 11.0659999847, 11.0659999847, 11.0659999847, 12.6749999523, 12.6749999523, 14.0320000648, 14.0320000648, 15.246999979]
2015-06-30 13:27:04,266, DEBUG, bias list values: [0.0, 0.0, 0.0, 100.0, 100.0, 500.0, 500.0, 1000.0, 1000.0, 0.0, 0.0, -500.0, -1000.0, -1000.0, -500.0, -500.0, -100.0, -100.0]
2015-06-30 13:27:04,266, DEBUG, current list values: [1829.0, 1020.0, 1581.0, 1155.0, 1398.0, 1500.0, 339.0, 831.0, 268.0, 1913.0, 1591.0, 916.0, 505.0, 1647.0, 586.0, 599.0, 824.0, 640.0]
2015-06-30 13:27:04,266, DEBUG, time list values: [0.983000040054, 0.983000040054, 4.74799990654, 4.74799990654, 6.13199996948, 6.13199996948, 7.79799985886, 7.79799985886, 9.53500008583, 9.53500008583, 11.0659999847, 11.0659999847, 11.0659999847, 12.6749999523, 12.6749999523, 14.0320000648, 14.0320000648, 15.246999979, 15.246999979]
2015-06-30 13:27:04,266, DEBUG, bias list values: [0.0, 0.0, 0.0, 100.0, 100.0, 500.0, 500.0, 1000.0, 1000.0, 0.0, 0.0, -500.0, -1000.0, -1000.0, -500.0, -500.0, -100.0, -100.0, 0.0]
2015-06-30 13:27:04,266, DEBUG, current list values: [1829.0, 1020.0, 1581.0, 1155.0, 1398.0, 1500.0, 339.0, 831.0, 268.0, 1913.0, 1591.0, 916.0, 505.0, 1647.0, 586.0, 599.0, 824.0, 640.0, 113.0]
2015-06-30 13:27:04,266, DEBUG, time list values: [0.983000040054, 0.983000040054, 4.74799990654, 4.74799990654, 6.13199996948, 6.13199996948, 7.79799985886, 7.79799985886, 9.53500008583, 9.53500008583, 11.0659999847, 11.0659999847, 11.0659999847, 12.6749999523, 12.6749999523, 14.0320000648, 14.0320000648, 15.246999979, 15.246999979, 16.3510000706]
2015-06-30 13:27:04,266, DEBUG, bias list values: [0.0, 0.0, 0.0, 100.0, 100.0, 500.0, 500.0, 1000.0, 1000.0, 0.0, 0.0, -500.0, -1000.0, -1000.0, -500.0, -500.0, -100.0, -100.0, 0.0, 0.0]
2015-06-30 13:27:04,266, DEBUG, current list values: [1829.0, 1020.0, 1581.0, 1155.0, 1398.0, 1500.0, 339.0, 831.0, 268.0, 1913.0, 1591.0, 916.0, 505.0, 1647.0, 586.0, 599.0, 824.0, 640.0, 113.0, 1320.0]
2015-06-30 13:27:04,266, DEBUG, n_d_time arg values: [0.983000040054, 0.983000040054, 4.74799990654, 4.74799990654, 6.13199996948, 6.13199996948, 7.79799985886, 7.79799985886, 9.53500008583, 9.53500008583, 11.0659999847, 11.0659999847, 11.0659999847, 12.6749999523, 12.6749999523, 14.0320000648, 14.0320000648, 15.246999979, 15.246999979, 16.3510000706]
2015-06-30 13:27:04,266, DEBUG, n_d1_bias arg values: [0.0, 0.0, 0.0, 100.0, 100.0, 500.0, 500.0, 1000.0, 1000.0, 0.0, 0.0, -500.0, -1000.0, -1000.0, -500.0, -500.0, -100.0, -100.0, 0.0, 0.0]
2015-06-30 13:27:04,266, DEBUG, n_d2_current arg values: [1829.0, 1020.0, 1581.0, 1155.0, 1398.0, 1500.0, 339.0, 831.0, 268.0, 1913.0, 1591.0, 916.0, 505.0, 1647.0, 586.0, 599.0, 824.0, 640.0, 113.0, 1320.0]
2015-06-30 13:27:22,065, INFO,  ---------------------- root (C:\Users\fredr_000\Git\PA273-Potentiostat-Software\postrun.py) --------------------------------
2015-06-30 13:27:22,690, DEBUG, time list values: [0.983000040054]
2015-06-30 13:27:22,690, DEBUG, bias list values: [0.0]
2015-06-30 13:27:22,690, DEBUG, current list values: [1829.0]
2015-06-30 13:27:22,690, DEBUG, time list values: [0.983000040054, 0.983000040054]
2015-06-30 13:27:22,690, DEBUG, bias list values: [0.0, 0.0]
2015-06-30 13:27:22,690, DEBUG, current list values: [1829.0, 1020.0]
2015-06-30 13:27:22,690, DEBUG, time list values: [0.983000040054, 0.983000040054, 4.74799990654]
2015-06-30 13:27:22,690, DEBUG, bias list values: [0.0, 0.0, 0.0]
2015-06-30 13:27:22,690, DEBUG, current list values: [1829.0, 1020.0, 1581.0]
2015-06-30 13:27:22,690, DEBUG, time list values: [0.983000040054, 0.983000040054, 4.74799990654, 4.74799990654]
2015-06-30 13:27:22,690, DEBUG, bias list values: [0.0, 0.0, 0.0, 100.0]
2015-06-30 13:27:22,690, DEBUG, current list values: [1829.0, 1020.0, 1581.0, 1155.0]
2015-06-30 13:27:22,690, DEBUG, time list values: [0.983000040054, 0.983000040054, 4.74799990654, 4.74799990654, 6.13199996948]
2015-06-30 13:27:22,690, DEBUG, bias list values: [0.0, 0.0, 0.0, 100.0, 100.0]
2015-06-30 13:27:22,690, DEBUG, current list values: [1829.0, 1020.0, 1581.0, 1155.0, 1398.0]
2015-06-30 13:27:22,690, DEBUG, time list values: [0.983000040054, 0.983000040054, 4.74799990654, 4.74799990654, 6.13199996948, 6.13199996948]
2015-06-30 13:27:22,690, DEBUG, bias list values: [0.0, 0.0, 0.0, 100.0, 100.0, 500.0]
2015-06-30 13:27:22,690, DEBUG, current list values: [1829.0, 1020.0, 1581.0, 1155.0, 1398.0, 1500.0]
2015-06-30 13:27:22,690, DEBUG, time list values: [0.983000040054, 0.983000040054, 4.74799990654, 4.74799990654, 6.13199996948, 6.13199996948, 7.79799985886]
2015-06-30 13:27:22,690, DEBUG, bias list values: [0.0, 0.0, 0.0, 100.0, 100.0, 500.0, 500.0]
2015-06-30 13:27:22,690, DEBUG, current list values: [1829.0, 1020.0, 1581.0, 1155.0, 1398.0, 1500.0, 339.0]
2015-06-30 13:27:22,690, DEBUG, time list values: [0.983000040054, 0.983000040054, 4.74799990654, 4.74799990654, 6.13199996948, 6.13199996948, 7.79799985886, 7.79799985886]
2015-06-30 13:27:22,690, DEBUG, bias list values: [0.0, 0.0, 0.0, 100.0, 100.0, 500.0, 500.0, 1000.0]
2015-06-30 13:27:22,690, DEBUG, current list values: [1829.0, 1020.0, 1581.0, 1155.0, 1398.0, 1500.0, 339.0, 831.0]
2015-06-30 13:27:22,690, DEBUG, time list values: [0.983000040054, 0.983000040054, 4.74799990654, 4.74799990654, 6.13199996948, 6.13199996948, 7.79799985886, 7.79799985886, 9.53500008583]
2015-06-30 13:27:22,690, DEBUG, bias list values: [0.0, 0.0, 0.0, 100.0, 100.0, 500.0, 500.0, 1000.0, 1000.0]
2015-06-30 13:27:22,690, DEBUG, current list values: [1829.0, 1020.0, 1581.0, 1155.0, 1398.0, 1500.0, 339.0, 831.0, 268.0]
2015-06-30 13:27:22,690, DEBUG, time list values: [0.983000040054, 0.983000040054, 4.74799990654, 4.74799990654, 6.13199996948, 6.13199996948, 7.79799985886, 7.79799985886, 9.53500008583, 9.53500008583]
2015-06-30 13:27:22,690, DEBUG, bias list values: [0.0, 0.0, 0.0, 100.0, 100.0, 500.0, 500.0, 1000.0, 1000.0, 0.0]
2015-06-30 13:27:22,690, DEBUG, current list values: [1829.0, 1020.0, 1581.0, 1155.0, 1398.0, 1500.0, 339.0, 831.0, 268.0, 1913.0]
2015-06-30 13:27:22,690, DEBUG, time list values: [0.983000040054, 0.983000040054, 4.74799990654, 4.74799990654, 6.13199996948, 6.13199996948, 7.79799985886, 7.79799985886, 9.53500008583, 9.53500008583, 11.0659999847]
2015-06-30 13:27:22,690, DEBUG, bias list values: [0.0, 0.0, 0.0, 100.0, 100.0, 500.0, 500.0, 1000.0, 1000.0, 0.0, 0.0]
2015-06-30 13:27:22,690, DEBUG, current list values: [1829.0, 1020.0, 1581.0, 1155.0, 1398.0, 1500.0, 339.0, 831.0, 268.0, 1913.0, 1591.0]
2015-06-30 13:27:22,690, DEBUG, time list values: [0.983000040054, 0.983000040054, 4.74799990654, 4.74799990654, 6.13199996948, 6.13199996948, 7.79799985886, 7.79799985886, 9.53500008583, 9.53500008583, 11.0659999847, 11.0659999847]
2015-06-30 13:27:22,690, DEBUG, bias list values: [0.0, 0.0, 0.0, 100.0, 100.0, 500.0, 500.0, 1000.0, 1000.0, 0.0, 0.0, -500.0]
2015-06-30 13:27:22,690, DEBUG, current list values: [1829.0, 1020.0, 1581.0, 1155.0, 1398.0, 1500.0, 339.0, 831.0, 268.0, 1913.0, 1591.0, 916.0]
2015-06-30 13:27:22,690, DEBUG, time list values: [0.983000040054, 0.983000040054, 4.74799990654, 4.74799990654, 6.13199996948, 6.13199996948, 7.79799985886, 7.79799985886, 9.53500008583, 9.53500008583, 11.0659999847, 11.0659999847, 11.0659999847]
2015-06-30 13:27:22,690, DEBUG, bias list values: [0.0, 0.0, 0.0, 100.0, 100.0, 500.0, 500.0, 1000.0, 1000.0, 0.0, 0.0, -500.0, -1000.0]
2015-06-30 13:27:22,690, DEBUG, current list values: [1829.0, 1020.0, 1581.0, 1155.0, 1398.0, 1500.0, 339.0, 831.0, 268.0, 1913.0, 1591.0, 916.0, 505.0]
2015-06-30 13:27:22,690, DEBUG, time list values: [0.983000040054, 0.983000040054, 4.74799990654, 4.74799990654, 6.13199996948, 6.13199996948, 7.79799985886, 7.79799985886, 9.53500008583, 9.53500008583, 11.0659999847, 11.0659999847, 11.0659999847, 12.6749999523]
2015-06-30 13:27:22,690, DEBUG, bias list values: [0.0, 0.0, 0.0, 100.0, 100.0, 500.0, 500.0, 1000.0, 1000.0, 0.0, 0.0, -500.0, -1000.0, -1000.0]
2015-06-30 13:27:22,690, DEBUG, current list values: [1829.0, 1020.0, 1581.0, 1155.0, 1398.0, 1500.0, 339.0, 831.0, 268.0, 1913.0, 1591.0, 916.0, 505.0, 1647.0]
2015-06-30 13:27:22,690, DEBUG, time list values: [0.983000040054, 0.983000040054, 4.74799990654, 4.74799990654, 6.13199996948, 6.13199996948, 7.79799985886, 7.79799985886, 9.53500008583, 9.53500008583, 11.0659999847, 11.0659999847, 11.0659999847, 12.6749999523, 12.6749999523]
2015-06-30 13:27:22,690, DEBUG, bias list values: [0.0, 0.0, 0.0, 100.0, 100.0, 500.0, 500.0, 1000.0, 1000.0, 0.0, 0.0, -500.0, -1000.0, -1000.0, -500.0]
2015-06-30 13:27:22,690, DEBUG, current list values: [1829.0, 1020.0, 1581.0, 1155.0, 1398.0, 1500.0, 339.0, 831.0, 268.0, 1913.0, 1591.0, 916.0, 505.0, 1647.0, 586.0]
2015-06-30 13:27:22,690, DEBUG, time list values: [0.983000040054, 0.983000040054, 4.74799990654, 4.74799990654, 6.13199996948, 6.13199996948, 7.79799985886, 7.79799985886, 9.53500008583, 9.53500008583, 11.0659999847, 11.0659999847, 11.0659999847, 12.6749999523, 12.6749999523, 14.0320000648]
2015-06-30 13:27:22,690, DEBUG, bias list values: [0.0, 0.0, 0.0, 100.0, 100.0, 500.0, 500.0, 1000.0, 1000.0, 0.0, 0.0, -500.0, -1000.0, -1000.0, -500.0, -500.0]
2015-06-30 13:27:22,690, DEBUG, current list values: [1829.0, 1020.0, 1581.0, 1155.0, 1398.0, 1500.0, 339.0, 831.0, 268.0, 1913.0, 1591.0, 916.0, 505.0, 1647.0, 586.0, 599.0]
2015-06-30 13:27:22,690, DEBUG, time list values: [0.983000040054, 0.983000040054, 4.74799990654, 4.74799990654, 6.13199996948, 6.13199996948, 7.79799985886, 7.79799985886, 9.53500008583, 9.53500008583, 11.0659999847, 11.0659999847, 11.0659999847, 12.6749999523, 12.6749999523, 14.0320000648, 14.0320000648]
2015-06-30 13:27:22,690, DEBUG, bias list values: [0.0, 0.0, 0.0, 100.0, 100.0, 500.0, 500.0, 1000.0, 1000.0, 0.0, 0.0, -500.0, -1000.0, -1000.0, -500.0, -500.0, -100.0]
2015-06-30 13:27:22,690, DEBUG, current list values: [1829.0, 1020.0, 1581.0, 1155.0, 1398.0, 1500.0, 339.0, 831.0, 268.0, 1913.0, 1591.0, 916.0, 505.0, 1647.0, 586.0, 599.0, 824.0]
2015-06-30 13:27:22,690, DEBUG, time list values: [0.983000040054, 0.983000040054, 4.74799990654, 4.74799990654, 6.13199996948, 6.13199996948, 7.79799985886, 7.79799985886, 9.53500008583, 9.53500008583, 11.0659999847, 11.0659999847, 11.0659999847, 12.6749999523, 12.6749999523, 14.0320000648, 14.0320000648, 15.246999979]
2015-06-30 13:27:22,690, DEBUG, bias list values: [0.0, 0.0, 0.0, 100.0, 100.0, 500.0, 500.0, 1000.0, 1000.0, 0.0, 0.0, -500.0, -1000.0, -1000.0, -500.0, -500.0, -100.0, -100.0]
2015-06-30 13:27:22,690, DEBUG, current list values: [1829.0, 1020.0, 1581.0, 1155.0, 1398.0, 1500.0, 339.0, 831.0, 268.0, 1913.0, 1591.0, 916.0, 505.0, 1647.0, 586.0, 599.0, 824.0, 640.0]
2015-06-30 13:27:22,690, DEBUG, time list values: [0.983000040054, 0.983000040054, 4.74799990654, 4.74799990654, 6.13199996948, 6.13199996948, 7.79799985886, 7.79799985886, 9.53500008583, 9.53500008583, 11.0659999847, 11.0659999847, 11.0659999847, 12.6749999523, 12.6749999523, 14.0320000648, 14.0320000648, 15.246999979, 15.246999979]
2015-06-30 13:27:22,690, DEBUG, bias list values: [0.0, 0.0, 0.0, 100.0, 100.0, 500.0, 500.0, 1000.0, 1000.0, 0.0, 0.0, -500.0, -1000.0, -1000.0, -500.0, -500.0, -100.0, -100.0, 0.0]
2015-06-30 13:27:22,690, DEBUG, current list values: [1829.0, 1020.0, 1581.0, 1155.0, 1398.0, 1500.0, 339.0, 831.0, 268.0, 1913.0, 1591.0, 916.0, 505.0, 1647.0, 586.0, 599.0, 824.0, 640.0, 113.0]
2015-06-30 13:27:22,690, DEBUG, time list values: [0.983000040054, 0.983000040054, 4.74799990654, 4.74799990654, 6.13199996948, 6.13199996948, 7.79799985886, 7.79799985886, 9.53500008583, 9.53500008583, 11.0659999847, 11.0659999847, 11.0659999847, 12.6749999523, 12.6749999523, 14.0320000648, 14.0320000648, 15.246999979, 15.246999979, 16.3510000706]
2015-06-30 13:27:22,690, DEBUG, bias list values: [0.0, 0.0, 0.0, 100.0, 100.0, 500.0, 500.0, 1000.0, 1000.0, 0.0, 0.0, -500.0, -1000.0, -1000.0, -500.0, -500.0, -100.0, -100.0, 0.0, 0.0]
2015-06-30 13:27:22,690, DEBUG, current list values: [1829.0, 1020.0, 1581.0, 1155.0, 1398.0, 1500.0, 339.0, 831.0, 268.0, 1913.0, 1591.0, 916.0, 505.0, 1647.0, 586.0, 599.0, 824.0, 640.0, 113.0, 1320.0]
2015-06-30 13:27:22,706, DEBUG, n_d_time arg values: [0.983000040054, 0.983000040054, 4.74799990654, 4.74799990654, 6.13199996948, 6.13199996948, 7.79799985886, 7.79799985886, 9.53500008583, 9.53500008583, 11.0659999847, 11.0659999847, 11.0659999847, 12.6749999523, 12.6749999523, 14.0320000648, 14.0320000648, 15.246999979, 15.246999979, 16.3510000706]
2015-06-30 13:27:22,706, DEBUG, n_d1_bias arg values: [0.0, 0.0, 0.0, 100.0, 100.0, 500.0, 500.0, 1000.0, 1000.0, 0.0, 0.0, -500.0, -1000.0, -1000.0, -500.0, -500.0, -100.0, -100.0, 0.0, 0.0]
2015-06-30 13:27:22,706, DEBUG, n_d2_current arg values: [1829.0, 1020.0, 1581.0, 1155.0, 1398.0, 1500.0, 339.0, 831.0, 268.0, 1913.0, 1591.0, 916.0, 505.0, 1647.0, 586.0, 599.0, 824.0, 640.0, 113.0, 1320.0]
