2015-05-12 14:04:50,226, INFO,  ---------------------- root (F:\beastie_python\postrun.py) --------------------------------
2015-05-12 14:04:55,348, DEBUG, time list values: [0.983999967575]
2015-05-12 14:04:55,348, DEBUG, bias list values: [0.0]
2015-05-12 14:04:55,348, DEBUG, current list values: [459.0]
2015-05-12 14:04:55,348, DEBUG, time list values: [0.983999967575, 0.983999967575]
2015-05-12 14:04:55,348, DEBUG, bias list values: [0.0, 0.0]
2015-05-12 14:04:55,348, DEBUG, current list values: [459.0, 1984.0]
2015-05-12 14:04:55,348, DEBUG, time list values: [0.983999967575, 0.983999967575, 2.38100004196]
2015-05-12 14:04:55,348, DEBUG, bias list values: [0.0, 0.0, 0.0]
2015-05-12 14:04:55,348, DEBUG, current list values: [459.0, 1984.0, 1507.0]
2015-05-12 14:04:55,348, DEBUG, time list values: [0.983999967575, 0.983999967575, 2.38100004196, 2.38100004196]
2015-05-12 14:04:55,348, DEBUG, bias list values: [0.0, 0.0, 0.0, 100.0]
2015-05-12 14:04:55,349, DEBUG, current list values: [459.0, 1984.0, 1507.0, 1713.0]
2015-05-12 14:04:55,349, DEBUG, time list values: [0.983999967575, 0.983999967575, 2.38100004196, 2.38100004196, 3.23300004005]
2015-05-12 14:04:55,349, DEBUG, bias list values: [0.0, 0.0, 0.0, 100.0, 100.0]
2015-05-12 14:04:55,349, DEBUG, current list values: [459.0, 1984.0, 1507.0, 1713.0, 697.0]
2015-05-12 14:04:55,349, DEBUG, time list values: [0.983999967575, 0.983999967575, 2.38100004196, 2.38100004196, 3.23300004005, 3.23300004005]
2015-05-12 14:04:55,349, DEBUG, bias list values: [0.0, 0.0, 0.0, 100.0, 100.0, 500.0]
2015-05-12 14:04:55,349, DEBUG, current list values: [459.0, 1984.0, 1507.0, 1713.0, 697.0, 955.0]
2015-05-12 14:04:55,351, DEBUG, time list values: [0.983999967575, 0.983999967575, 2.38100004196, 2.38100004196, 3.23300004005, 3.23300004005, 4.05599999428]
2015-05-12 14:04:55,351, DEBUG, bias list values: [0.0, 0.0, 0.0, 100.0, 100.0, 500.0, 500.0]
2015-05-12 14:04:55,351, DEBUG, current list values: [459.0, 1984.0, 1507.0, 1713.0, 697.0, 955.0, 493.0]
2015-05-12 14:04:55,351, DEBUG, time list values: [0.983999967575, 0.983999967575, 2.38100004196, 2.38100004196, 3.23300004005, 3.23300004005, 4.05599999428, 4.05599999428]
2015-05-12 14:04:55,351, DEBUG, bias list values: [0.0, 0.0, 0.0, 100.0, 100.0, 500.0, 500.0, 1000.0]
2015-05-12 14:04:55,351, DEBUG, current list values: [459.0, 1984.0, 1507.0, 1713.0, 697.0, 955.0, 493.0, 1691.0]
2015-05-12 14:04:55,351, DEBUG, time list values: [0.983999967575, 0.983999967575, 2.38100004196, 2.38100004196, 3.23300004005, 3.23300004005, 4.05599999428, 4.05599999428, 4.91499996185]
2015-05-12 14:04:55,351, DEBUG, bias list values: [0.0, 0.0, 0.0, 100.0, 100.0, 500.0, 500.0, 1000.0, 1000.0]
2015-05-12 14:04:55,351, DEBUG, current list values: [459.0, 1984.0, 1507.0, 1713.0, 697.0, 955.0, 493.0, 1691.0, 1292.0]
2015-05-12 14:04:55,351, DEBUG, time list values: [0.983999967575, 0.983999967575, 2.38100004196, 2.38100004196, 3.23300004005, 3.23300004005, 4.05599999428, 4.05599999428, 4.91499996185, 4.91499996185]
2015-05-12 14:04:55,351, DEBUG, bias list values: [0.0, 0.0, 0.0, 100.0, 100.0, 500.0, 500.0, 1000.0, 1000.0, 0.0]
2015-05-12 14:04:55,351, DEBUG, current list values: [459.0, 1984.0, 1507.0, 1713.0, 697.0, 955.0, 493.0, 1691.0, 1292.0, 1591.0]
2015-05-12 14:04:55,351, DEBUG, time list values: [0.983999967575, 0.983999967575, 2.38100004196, 2.38100004196, 3.23300004005, 3.23300004005, 4.05599999428, 4.05599999428, 4.91499996185, 4.91499996185, 5.77900004387]
2015-05-12 14:04:55,351, DEBUG, bias list values: [0.0, 0.0, 0.0, 100.0, 100.0, 500.0, 500.0, 1000.0, 1000.0, 0.0, 0.0]
2015-05-12 14:04:55,351, DEBUG, current list values: [459.0, 1984.0, 1507.0, 1713.0, 697.0, 955.0, 493.0, 1691.0, 1292.0, 1591.0, 1032.0]
2015-05-12 14:04:55,352, DEBUG, time list values: [0.983999967575, 0.983999967575, 2.38100004196, 2.38100004196, 3.23300004005, 3.23300004005, 4.05599999428, 4.05599999428, 4.91499996185, 4.91499996185, 5.77900004387, 5.77900004387]
2015-05-12 14:04:55,352, DEBUG, bias list values: [0.0, 0.0, 0.0, 100.0, 100.0, 500.0, 500.0, 1000.0, 1000.0, 0.0, 0.0, -500.0]
2015-05-12 14:04:55,352, DEBUG, current list values: [459.0, 1984.0, 1507.0, 1713.0, 697.0, 955.0, 493.0, 1691.0, 1292.0, 1591.0, 1032.0, 510.0]
2015-05-12 14:04:55,352, DEBUG, time list values: [0.983999967575, 0.983999967575, 2.38100004196, 2.38100004196, 3.23300004005, 3.23300004005, 4.05599999428, 4.05599999428, 4.91499996185, 4.91499996185, 5.77900004387, 5.77900004387, 5.77900004387]
2015-05-12 14:04:55,352, DEBUG, bias list values: [0.0, 0.0, 0.0, 100.0, 100.0, 500.0, 500.0, 1000.0, 1000.0, 0.0, 0.0, -500.0, -1000.0]
2015-05-12 14:04:55,352, DEBUG, current list values: [459.0, 1984.0, 1507.0, 1713.0, 697.0, 955.0, 493.0, 1691.0, 1292.0, 1591.0, 1032.0, 510.0, 446.0]
2015-05-12 14:04:55,354, DEBUG, time list values: [0.983999967575, 0.983999967575, 2.38100004196, 2.38100004196, 3.23300004005, 3.23300004005, 4.05599999428, 4.05599999428, 4.91499996185, 4.91499996185, 5.77900004387, 5.77900004387, 5.77900004387, 6.93300008774]
2015-05-12 14:04:55,354, DEBUG, bias list values: [0.0, 0.0, 0.0, 100.0, 100.0, 500.0, 500.0, 1000.0, 1000.0, 0.0, 0.0, -500.0, -1000.0, -1000.0]
2015-05-12 14:04:55,354, DEBUG, current list values: [459.0, 1984.0, 1507.0, 1713.0, 697.0, 955.0, 493.0, 1691.0, 1292.0, 1591.0, 1032.0, 510.0, 446.0, 513.0]
2015-05-12 14:04:55,354, DEBUG, time list values: [0.983999967575, 0.983999967575, 2.38100004196, 2.38100004196, 3.23300004005, 3.23300004005, 4.05599999428, 4.05599999428, 4.91499996185, 4.91499996185, 5.77900004387, 5.77900004387, 5.77900004387, 6.93300008774, 6.93300008774]
2015-05-12 14:04:55,354, DEBUG, bias list values: [0.0, 0.0, 0.0, 100.0, 100.0, 500.0, 500.0, 1000.0, 1000.0, 0.0, 0.0, -500.0, -1000.0, -1000.0, -500.0]
2015-05-12 14:04:55,354, DEBUG, current list values: [459.0, 1984.0, 1507.0, 1713.0, 697.0, 955.0, 493.0, 1691.0, 1292.0, 1591.0, 1032.0, 510.0, 446.0, 513.0, 541.0]
2015-05-12 14:04:55,354, DEBUG, time list values: [0.983999967575, 0.983999967575, 2.38100004196, 2.38100004196, 3.23300004005, 3.23300004005, 4.05599999428, 4.05599999428, 4.91499996185, 4.91499996185, 5.77900004387, 5.77900004387, 5.77900004387, 6.93300008774, 6.93300008774, 7.77200007439]
2015-05-12 14:04:55,355, DEBUG, bias list values: [0.0, 0.0, 0.0, 100.0, 100.0, 500.0, 500.0, 1000.0, 1000.0, 0.0, 0.0, -500.0, -1000.0, -1000.0, -500.0, -500.0]
2015-05-12 14:04:55,355, DEBUG, current list values: [459.0, 1984.0, 1507.0, 1713.0, 697.0, 955.0, 493.0, 1691.0, 1292.0, 1591.0, 1032.0, 510.0, 446.0, 513.0, 541.0, 686.0]
2015-05-12 14:04:55,355, DEBUG, time list values: [0.983999967575, 0.983999967575, 2.38100004196, 2.38100004196, 3.23300004005, 3.23300004005, 4.05599999428, 4.05599999428, 4.91499996185, 4.91499996185, 5.77900004387, 5.77900004387, 5.77900004387, 6.93300008774, 6.93300008774, 7.77200007439, 7.77200007439]
2015-05-12 14:04:55,355, DEBUG, bias list values: [0.0, 0.0, 0.0, 100.0, 100.0, 500.0, 500.0, 1000.0, 1000.0, 0.0, 0.0, -500.0, -1000.0, -1000.0, -500.0, -500.0, -100.0]
2015-05-12 14:04:55,355, DEBUG, current list values: [459.0, 1984.0, 1507.0, 1713.0, 697.0, 955.0, 493.0, 1691.0, 1292.0, 1591.0, 1032.0, 510.0, 446.0, 513.0, 541.0, 686.0, 378.0]
2015-05-12 14:04:55,355, DEBUG, time list values: [0.983999967575, 0.983999967575, 2.38100004196, 2.38100004196, 3.23300004005, 3.23300004005, 4.05599999428, 4.05599999428, 4.91499996185, 4.91499996185, 5.77900004387, 5.77900004387, 5.77900004387, 6.93300008774, 6.93300008774, 7.77200007439, 7.77200007439, 8.63900017738]
2015-05-12 14:04:55,355, DEBUG, bias list values: [0.0, 0.0, 0.0, 100.0, 100.0, 500.0, 500.0, 1000.0, 1000.0, 0.0, 0.0, -500.0, -1000.0, -1000.0, -500.0, -500.0, -100.0, -100.0]
2015-05-12 14:04:55,355, DEBUG, current list values: [459.0, 1984.0, 1507.0, 1713.0, 697.0, 955.0, 493.0, 1691.0, 1292.0, 1591.0, 1032.0, 510.0, 446.0, 513.0, 541.0, 686.0, 378.0, 413.0]
2015-05-12 14:04:55,355, DEBUG, time list values: [0.983999967575, 0.983999967575, 2.38100004196, 2.38100004196, 3.23300004005, 3.23300004005, 4.05599999428, 4.05599999428, 4.91499996185, 4.91499996185, 5.77900004387, 5.77900004387, 5.77900004387, 6.93300008774, 6.93300008774, 7.77200007439, 7.77200007439, 8.63900017738, 8.63900017738]
2015-05-12 14:04:55,355, DEBUG, bias list values: [0.0, 0.0, 0.0, 100.0, 100.0, 500.0, 500.0, 1000.0, 1000.0, 0.0, 0.0, -500.0, -1000.0, -1000.0, -500.0, -500.0, -100.0, -100.0, 0.0]
2015-05-12 14:04:55,355, DEBUG, current list values: [459.0, 1984.0, 1507.0, 1713.0, 697.0, 955.0, 493.0, 1691.0, 1292.0, 1591.0, 1032.0, 510.0, 446.0, 513.0, 541.0, 686.0, 378.0, 413.0, 1641.0]
2015-05-12 14:04:55,355, DEBUG, time list values: [0.983999967575, 0.983999967575, 2.38100004196, 2.38100004196, 3.23300004005, 3.23300004005, 4.05599999428, 4.05599999428, 4.91499996185, 4.91499996185, 5.77900004387, 5.77900004387, 5.77900004387, 6.93300008774, 6.93300008774, 7.77200007439, 7.77200007439, 8.63900017738, 8.63900017738, 9.52900004387]
2015-05-12 14:04:55,355, DEBUG, bias list values: [0.0, 0.0, 0.0, 100.0, 100.0, 500.0, 500.0, 1000.0, 1000.0, 0.0, 0.0, -500.0, -1000.0, -1000.0, -500.0, -500.0, -100.0, -100.0, 0.0, 0.0]
2015-05-12 14:04:55,355, DEBUG, current list values: [459.0, 1984.0, 1507.0, 1713.0, 697.0, 955.0, 493.0, 1691.0, 1292.0, 1591.0, 1032.0, 510.0, 446.0, 513.0, 541.0, 686.0, 378.0, 413.0, 1641.0, 1847.0]
2015-05-12 14:04:55,357, DEBUG, n_d arg values: [0.983999967575, 0.983999967575, 2.38100004196, 2.38100004196, 3.23300004005, 3.23300004005, 4.05599999428, 4.05599999428, 4.91499996185, 4.91499996185, 5.77900004387, 5.77900004387, 5.77900004387, 6.93300008774, 6.93300008774, 7.77200007439, 7.77200007439, 8.63900017738, 8.63900017738, 9.52900004387]
2015-05-12 14:04:55,357, DEBUG, n_d1 arg values: [0.0, 0.0, 0.0, 100.0, 100.0, 500.0, 500.0, 1000.0, 1000.0, 0.0, 0.0, -500.0, -1000.0, -1000.0, -500.0, -500.0, -100.0, -100.0, 0.0, 0.0]
2015-05-12 14:04:55,358, DEBUG, n_d2 arg values: [459.0, 1984.0, 1507.0, 1713.0, 697.0, 955.0, 493.0, 1691.0, 1292.0, 1591.0, 1032.0, 510.0, 446.0, 513.0, 541.0, 686.0, 378.0, 413.0, 1641.0, 1847.0]
2015-05-12 14:28:09,427, INFO,  ---------------------- root (F:\beastie_python\postrun.py) --------------------------------
2015-05-12 14:28:10,740, DEBUG, time list values: [1.47199988365]
2015-05-12 14:28:10,740, DEBUG, bias list values: [0.0]
2015-05-12 14:28:10,740, DEBUG, current list values: [1224.0]
2015-05-12 14:28:10,740, DEBUG, time list values: [1.47199988365, 1.47199988365]
2015-05-12 14:28:10,740, DEBUG, bias list values: [0.0, 0.0]
2015-05-12 14:28:10,740, DEBUG, current list values: [1224.0, 238.0]
2015-05-12 14:28:10,740, DEBUG, time list values: [1.47199988365, 1.47199988365, 2.4359998703]
2015-05-12 14:28:10,740, DEBUG, bias list values: [0.0, 0.0, 0.0]
2015-05-12 14:28:10,740, DEBUG, current list values: [1224.0, 238.0, 1586.0]
2015-05-12 14:28:10,740, DEBUG, time list values: [1.47199988365, 1.47199988365, 2.4359998703, 2.4359998703]
2015-05-12 14:28:10,740, DEBUG, bias list values: [0.0, 0.0, 0.0, 100.0]
2015-05-12 14:28:10,740, DEBUG, current list values: [1224.0, 238.0, 1586.0, 659.0]
2015-05-12 14:28:10,740, DEBUG, time list values: [1.47199988365, 1.47199988365, 2.4359998703, 2.4359998703, 3.25999999046]
2015-05-12 14:28:10,742, DEBUG, bias list values: [0.0, 0.0, 0.0, 100.0, 100.0]
2015-05-12 14:28:10,742, DEBUG, current list values: [1224.0, 238.0, 1586.0, 659.0, 1843.0]
2015-05-12 14:28:10,742, DEBUG, time list values: [1.47199988365, 1.47199988365, 2.4359998703, 2.4359998703, 3.25999999046, 3.25999999046]
2015-05-12 14:28:10,742, DEBUG, bias list values: [0.0, 0.0, 0.0, 100.0, 100.0, 500.0]
2015-05-12 14:28:10,742, DEBUG, current list values: [1224.0, 238.0, 1586.0, 659.0, 1843.0, 1758.0]
2015-05-12 14:28:10,742, DEBUG, time list values: [1.47199988365, 1.47199988365, 2.4359998703, 2.4359998703, 3.25999999046, 3.25999999046, 4.16100001335]
2015-05-12 14:28:10,742, DEBUG, bias list values: [0.0, 0.0, 0.0, 100.0, 100.0, 500.0, 500.0]
2015-05-12 14:28:10,743, DEBUG, current list values: [1224.0, 238.0, 1586.0, 659.0, 1843.0, 1758.0, 1606.0]
2015-05-12 14:28:10,743, DEBUG, time list values: [1.47199988365, 1.47199988365, 2.4359998703, 2.4359998703, 3.25999999046, 3.25999999046, 4.16100001335, 4.16100001335]
2015-05-12 14:28:10,743, DEBUG, bias list values: [0.0, 0.0, 0.0, 100.0, 100.0, 500.0, 500.0, 1000.0]
2015-05-12 14:28:10,743, DEBUG, current list values: [1224.0, 238.0, 1586.0, 659.0, 1843.0, 1758.0, 1606.0, 1207.0]
2015-05-12 14:28:10,743, DEBUG, time list values: [1.47199988365, 1.47199988365, 2.4359998703, 2.4359998703, 3.25999999046, 3.25999999046, 4.16100001335, 4.16100001335, 5.04999995232]
2015-05-12 14:28:10,743, DEBUG, bias list values: [0.0, 0.0, 0.0, 100.0, 100.0, 500.0, 500.0, 1000.0, 1000.0]
2015-05-12 14:28:10,743, DEBUG, current list values: [1224.0, 238.0, 1586.0, 659.0, 1843.0, 1758.0, 1606.0, 1207.0, 1630.0]
2015-05-12 14:28:10,743, DEBUG, time list values: [1.47199988365, 1.47199988365, 2.4359998703, 2.4359998703, 3.25999999046, 3.25999999046, 4.16100001335, 4.16100001335, 5.04999995232, 5.04999995232]
2015-05-12 14:28:10,743, DEBUG, bias list values: [0.0, 0.0, 0.0, 100.0, 100.0, 500.0, 500.0, 1000.0, 1000.0, 0.0]
2015-05-12 14:28:10,743, DEBUG, current list values: [1224.0, 238.0, 1586.0, 659.0, 1843.0, 1758.0, 1606.0, 1207.0, 1630.0, 824.0]
2015-05-12 14:28:10,743, DEBUG, time list values: [1.47199988365, 1.47199988365, 2.4359998703, 2.4359998703, 3.25999999046, 3.25999999046, 4.16100001335, 4.16100001335, 5.04999995232, 5.04999995232, 6.24499988556]
2015-05-12 14:28:10,743, DEBUG, bias list values: [0.0, 0.0, 0.0, 100.0, 100.0, 500.0, 500.0, 1000.0, 1000.0, 0.0, 0.0]
2015-05-12 14:28:10,743, DEBUG, current list values: [1224.0, 238.0, 1586.0, 659.0, 1843.0, 1758.0, 1606.0, 1207.0, 1630.0, 824.0, 957.0]
2015-05-12 14:28:10,743, DEBUG, time list values: [1.47199988365, 1.47199988365, 2.4359998703, 2.4359998703, 3.25999999046, 3.25999999046, 4.16100001335, 4.16100001335, 5.04999995232, 5.04999995232, 6.24499988556, 6.24499988556]
2015-05-12 14:28:10,744, DEBUG, bias list values: [0.0, 0.0, 0.0, 100.0, 100.0, 500.0, 500.0, 1000.0, 1000.0, 0.0, 0.0, -500.0]
2015-05-12 14:28:10,744, DEBUG, current list values: [1224.0, 238.0, 1586.0, 659.0, 1843.0, 1758.0, 1606.0, 1207.0, 1630.0, 824.0, 957.0, 1188.0]
2015-05-12 14:28:10,744, DEBUG, time list values: [1.47199988365, 1.47199988365, 2.4359998703, 2.4359998703, 3.25999999046, 3.25999999046, 4.16100001335, 4.16100001335, 5.04999995232, 5.04999995232, 6.24499988556, 6.24499988556, 6.24499988556]
2015-05-12 14:28:10,744, DEBUG, bias list values: [0.0, 0.0, 0.0, 100.0, 100.0, 500.0, 500.0, 1000.0, 1000.0, 0.0, 0.0, -500.0, -1000.0]
2015-05-12 14:28:10,744, DEBUG, current list values: [1224.0, 238.0, 1586.0, 659.0, 1843.0, 1758.0, 1606.0, 1207.0, 1630.0, 824.0, 957.0, 1188.0, 1403.0]
2015-05-12 14:28:10,744, DEBUG, time list values: [1.47199988365, 1.47199988365, 2.4359998703, 2.4359998703, 3.25999999046, 3.25999999046, 4.16100001335, 4.16100001335, 5.04999995232, 5.04999995232, 6.24499988556, 6.24499988556, 6.24499988556, 8.04799985886]
2015-05-12 14:28:10,746, DEBUG, bias list values: [0.0, 0.0, 0.0, 100.0, 100.0, 500.0, 500.0, 1000.0, 1000.0, 0.0, 0.0, -500.0, -1000.0, -1000.0]
2015-05-12 14:28:10,746, DEBUG, current list values: [1224.0, 238.0, 1586.0, 659.0, 1843.0, 1758.0, 1606.0, 1207.0, 1630.0, 824.0, 957.0, 1188.0, 1403.0, 1949.0]
2015-05-12 14:28:10,746, DEBUG, time list values: [1.47199988365, 1.47199988365, 2.4359998703, 2.4359998703, 3.25999999046, 3.25999999046, 4.16100001335, 4.16100001335, 5.04999995232, 5.04999995232, 6.24499988556, 6.24499988556, 6.24499988556, 8.04799985886, 8.04799985886]
2015-05-12 14:28:10,746, DEBUG, bias list values: [0.0, 0.0, 0.0, 100.0, 100.0, 500.0, 500.0, 1000.0, 1000.0, 0.0, 0.0, -500.0, -1000.0, -1000.0, -500.0]
2015-05-12 14:28:10,746, DEBUG, current list values: [1224.0, 238.0, 1586.0, 659.0, 1843.0, 1758.0, 1606.0, 1207.0, 1630.0, 824.0, 957.0, 1188.0, 1403.0, 1949.0, 883.0]
2015-05-12 14:28:10,746, DEBUG, time list values: [1.47199988365, 1.47199988365, 2.4359998703, 2.4359998703, 3.25999999046, 3.25999999046, 4.16100001335, 4.16100001335, 5.04999995232, 5.04999995232, 6.24499988556, 6.24499988556, 6.24499988556, 8.04799985886, 8.04799985886, 9.69799995422]
2015-05-12 14:28:10,746, DEBUG, bias list values: [0.0, 0.0, 0.0, 100.0, 100.0, 500.0, 500.0, 1000.0, 1000.0, 0.0, 0.0, -500.0, -1000.0, -1000.0, -500.0, -500.0]
2015-05-12 14:28:10,746, DEBUG, current list values: [1224.0, 238.0, 1586.0, 659.0, 1843.0, 1758.0, 1606.0, 1207.0, 1630.0, 824.0, 957.0, 1188.0, 1403.0, 1949.0, 883.0, 655.0]
2015-05-12 14:28:10,746, DEBUG, time list values: [1.47199988365, 1.47199988365, 2.4359998703, 2.4359998703, 3.25999999046, 3.25999999046, 4.16100001335, 4.16100001335, 5.04999995232, 5.04999995232, 6.24499988556, 6.24499988556, 6.24499988556, 8.04799985886, 8.04799985886, 9.69799995422, 9.69799995422]
2015-05-12 14:28:10,746, DEBUG, bias list values: [0.0, 0.0, 0.0, 100.0, 100.0, 500.0, 500.0, 1000.0, 1000.0, 0.0, 0.0, -500.0, -1000.0, -1000.0, -500.0, -500.0, -100.0]
2015-05-12 14:28:10,746, DEBUG, current list values: [1224.0, 238.0, 1586.0, 659.0, 1843.0, 1758.0, 1606.0, 1207.0, 1630.0, 824.0, 957.0, 1188.0, 1403.0, 1949.0, 883.0, 655.0, 1589.0]
2015-05-12 14:28:10,746, DEBUG, time list values: [1.47199988365, 1.47199988365, 2.4359998703, 2.4359998703, 3.25999999046, 3.25999999046, 4.16100001335, 4.16100001335, 5.04999995232, 5.04999995232, 6.24499988556, 6.24499988556, 6.24499988556, 8.04799985886, 8.04799985886, 9.69799995422, 9.69799995422, 10.5539999008]
2015-05-12 14:28:10,746, DEBUG, bias list values: [0.0, 0.0, 0.0, 100.0, 100.0, 500.0, 500.0, 1000.0, 1000.0, 0.0, 0.0, -500.0, -1000.0, -1000.0, -500.0, -500.0, -100.0, -100.0]
2015-05-12 14:28:10,747, DEBUG, current list values: [1224.0, 238.0, 1586.0, 659.0, 1843.0, 1758.0, 1606.0, 1207.0, 1630.0, 824.0, 957.0, 1188.0, 1403.0, 1949.0, 883.0, 655.0, 1589.0, 764.0]
2015-05-12 14:28:10,747, DEBUG, time list values: [1.47199988365, 1.47199988365, 2.4359998703, 2.4359998703, 3.25999999046, 3.25999999046, 4.16100001335, 4.16100001335, 5.04999995232, 5.04999995232, 6.24499988556, 6.24499988556, 6.24499988556, 8.04799985886, 8.04799985886, 9.69799995422, 9.69799995422, 10.5539999008, 10.5539999008]
2015-05-12 14:28:10,747, DEBUG, bias list values: [0.0, 0.0, 0.0, 100.0, 100.0, 500.0, 500.0, 1000.0, 1000.0, 0.0, 0.0, -500.0, -1000.0, -1000.0, -500.0, -500.0, -100.0, -100.0, 0.0]
2015-05-12 14:28:10,747, DEBUG, current list values: [1224.0, 238.0, 1586.0, 659.0, 1843.0, 1758.0, 1606.0, 1207.0, 1630.0, 824.0, 957.0, 1188.0, 1403.0, 1949.0, 883.0, 655.0, 1589.0, 764.0, 1836.0]
2015-05-12 14:28:10,747, DEBUG, time list values: [1.47199988365, 1.47199988365, 2.4359998703, 2.4359998703, 3.25999999046, 3.25999999046, 4.16100001335, 4.16100001335, 5.04999995232, 5.04999995232, 6.24499988556, 6.24499988556, 6.24499988556, 8.04799985886, 8.04799985886, 9.69799995422, 9.69799995422, 10.5539999008, 10.5539999008, 11.3710000515]
2015-05-12 14:28:10,747, DEBUG, bias list values: [0.0, 0.0, 0.0, 100.0, 100.0, 500.0, 500.0, 1000.0, 1000.0, 0.0, 0.0, -500.0, -1000.0, -1000.0, -500.0, -500.0, -100.0, -100.0, 0.0, 0.0]
2015-05-12 14:28:10,747, DEBUG, current list values: [1224.0, 238.0, 1586.0, 659.0, 1843.0, 1758.0, 1606.0, 1207.0, 1630.0, 824.0, 957.0, 1188.0, 1403.0, 1949.0, 883.0, 655.0, 1589.0, 764.0, 1836.0, 518.0]
2015-05-12 14:28:10,749, DEBUG, n_d arg values: [1.47199988365, 1.47199988365, 2.4359998703, 2.4359998703, 3.25999999046, 3.25999999046, 4.16100001335, 4.16100001335, 5.04999995232, 5.04999995232, 6.24499988556, 6.24499988556, 6.24499988556, 8.04799985886, 8.04799985886, 9.69799995422, 9.69799995422, 10.5539999008, 10.5539999008, 11.3710000515]
2015-05-12 14:28:10,749, DEBUG, n_d1 arg values: [0.0, 0.0, 0.0, 100.0, 100.0, 500.0, 500.0, 1000.0, 1000.0, 0.0, 0.0, -500.0, -1000.0, -1000.0, -500.0, -500.0, -100.0, -100.0, 0.0, 0.0]
2015-05-12 14:28:10,750, DEBUG, n_d2 arg values: [1224.0, 238.0, 1586.0, 659.0, 1843.0, 1758.0, 1606.0, 1207.0, 1630.0, 824.0, 957.0, 1188.0, 1403.0, 1949.0, 883.0, 655.0, 1589.0, 764.0, 1836.0, 518.0]
2015-05-12 15:51:04,826, INFO,  ---------------------- root (F:\beastie_python\postrun.py) --------------------------------
2015-05-12 15:51:06,479, DEBUG, time list values: [1.46000003815]
2015-05-12 15:51:06,480, DEBUG, bias list values: [0.0]
2015-05-12 15:51:06,480, DEBUG, current list values: [1192.0]
2015-05-12 15:51:06,480, DEBUG, time list values: [1.46000003815, 1.46000003815]
2015-05-12 15:51:06,480, DEBUG, bias list values: [0.0, 0.0]
2015-05-12 15:51:06,480, DEBUG, current list values: [1192.0, 322.0]
2015-05-12 15:51:06,480, DEBUG, time list values: [1.46000003815, 1.46000003815, 2.43899989128]
2015-05-12 15:51:06,480, DEBUG, bias list values: [0.0, 0.0, 0.0]
2015-05-12 15:51:06,480, DEBUG, current list values: [1192.0, 322.0, 361.0]
2015-05-12 15:51:06,480, DEBUG, time list values: [1.46000003815, 1.46000003815, 2.43899989128, 2.43899989128]
2015-05-12 15:51:06,480, DEBUG, bias list values: [0.0, 0.0, 0.0, 100.0]
2015-05-12 15:51:06,480, DEBUG, current list values: [1192.0, 322.0, 361.0, 1845.0]
2015-05-12 15:51:06,480, DEBUG, time list values: [1.46000003815, 1.46000003815, 2.43899989128, 2.43899989128, 3.33599996567]
2015-05-12 15:51:06,480, DEBUG, bias list values: [0.0, 0.0, 0.0, 100.0, 100.0]
2015-05-12 15:51:06,482, DEBUG, current list values: [1192.0, 322.0, 361.0, 1845.0, 816.0]
2015-05-12 15:51:06,482, DEBUG, time list values: [1.46000003815, 1.46000003815, 2.43899989128, 2.43899989128, 3.33599996567, 3.33599996567]
2015-05-12 15:51:06,482, DEBUG, bias list values: [0.0, 0.0, 0.0, 100.0, 100.0, 500.0]
2015-05-12 15:51:06,482, DEBUG, current list values: [1192.0, 322.0, 361.0, 1845.0, 816.0, 330.0]
2015-05-12 15:51:06,482, DEBUG, time list values: [1.46000003815, 1.46000003815, 2.43899989128, 2.43899989128, 3.33599996567, 3.33599996567, 4.1779999733]
2015-05-12 15:51:06,482, DEBUG, bias list values: [0.0, 0.0, 0.0, 100.0, 100.0, 500.0, 500.0]
2015-05-12 15:51:06,482, DEBUG, current list values: [1192.0, 322.0, 361.0, 1845.0, 816.0, 330.0, 1077.0]
2015-05-12 15:51:06,483, DEBUG, time list values: [1.46000003815, 1.46000003815, 2.43899989128, 2.43899989128, 3.33599996567, 3.33599996567, 4.1779999733, 4.1779999733]
2015-05-12 15:51:06,483, DEBUG, bias list values: [0.0, 0.0, 0.0, 100.0, 100.0, 500.0, 500.0, 1000.0]
2015-05-12 15:51:06,483, DEBUG, current list values: [1192.0, 322.0, 361.0, 1845.0, 816.0, 330.0, 1077.0, 183.0]
2015-05-12 15:51:06,483, DEBUG, time list values: [1.46000003815, 1.46000003815, 2.43899989128, 2.43899989128, 3.33599996567, 3.33599996567, 4.1779999733, 4.1779999733, 5.01899981499]
2015-05-12 15:51:06,483, DEBUG, bias list values: [0.0, 0.0, 0.0, 100.0, 100.0, 500.0, 500.0, 1000.0, 1000.0]
2015-05-12 15:51:06,483, DEBUG, current list values: [1192.0, 322.0, 361.0, 1845.0, 816.0, 330.0, 1077.0, 183.0, 1742.0]
2015-05-12 15:51:06,483, DEBUG, time list values: [1.46000003815, 1.46000003815, 2.43899989128, 2.43899989128, 3.33599996567, 3.33599996567, 4.1779999733, 4.1779999733, 5.01899981499, 5.01899981499]
2015-05-12 15:51:06,483, DEBUG, bias list values: [0.0, 0.0, 0.0, 100.0, 100.0, 500.0, 500.0, 1000.0, 1000.0, 0.0]
2015-05-12 15:51:06,483, DEBUG, current list values: [1192.0, 322.0, 361.0, 1845.0, 816.0, 330.0, 1077.0, 183.0, 1742.0, 1642.0]
2015-05-12 15:51:06,483, DEBUG, time list values: [1.46000003815, 1.46000003815, 2.43899989128, 2.43899989128, 3.33599996567, 3.33599996567, 4.1779999733, 4.1779999733, 5.01899981499, 5.01899981499, 5.90799999237]
2015-05-12 15:51:06,483, DEBUG, bias list values: [0.0, 0.0, 0.0, 100.0, 100.0, 500.0, 500.0, 1000.0, 1000.0, 0.0, 0.0]
2015-05-12 15:51:06,483, DEBUG, current list values: [1192.0, 322.0, 361.0, 1845.0, 816.0, 330.0, 1077.0, 183.0, 1742.0, 1642.0, 875.0]
2015-05-12 15:51:06,484, DEBUG, time list values: [1.46000003815, 1.46000003815, 2.43899989128, 2.43899989128, 3.33599996567, 3.33599996567, 4.1779999733, 4.1779999733, 5.01899981499, 5.01899981499, 5.90799999237, 5.90799999237]
2015-05-12 15:51:06,484, DEBUG, bias list values: [0.0, 0.0, 0.0, 100.0, 100.0, 500.0, 500.0, 1000.0, 1000.0, 0.0, 0.0, -500.0]
2015-05-12 15:51:06,484, DEBUG, current list values: [1192.0, 322.0, 361.0, 1845.0, 816.0, 330.0, 1077.0, 183.0, 1742.0, 1642.0, 875.0, 1364.0]
2015-05-12 15:51:06,484, DEBUG, time list values: [1.46000003815, 1.46000003815, 2.43899989128, 2.43899989128, 3.33599996567, 3.33599996567, 4.1779999733, 4.1779999733, 5.01899981499, 5.01899981499, 5.90799999237, 5.90799999237, 5.90799999237]
2015-05-12 15:51:06,484, DEBUG, bias list values: [0.0, 0.0, 0.0, 100.0, 100.0, 500.0, 500.0, 1000.0, 1000.0, 0.0, 0.0, -500.0, -1000.0]
2015-05-12 15:51:06,484, DEBUG, current list values: [1192.0, 322.0, 361.0, 1845.0, 816.0, 330.0, 1077.0, 183.0, 1742.0, 1642.0, 875.0, 1364.0, 588.0]
2015-05-12 15:51:06,486, DEBUG, time list values: [1.46000003815, 1.46000003815, 2.43899989128, 2.43899989128, 3.33599996567, 3.33599996567, 4.1779999733, 4.1779999733, 5.01899981499, 5.01899981499, 5.90799999237, 5.90799999237, 5.90799999237, 7.04799985886]
2015-05-12 15:51:06,486, DEBUG, bias list values: [0.0, 0.0, 0.0, 100.0, 100.0, 500.0, 500.0, 1000.0, 1000.0, 0.0, 0.0, -500.0, -1000.0, -1000.0]
2015-05-12 15:51:06,486, DEBUG, current list values: [1192.0, 322.0, 361.0, 1845.0, 816.0, 330.0, 1077.0, 183.0, 1742.0, 1642.0, 875.0, 1364.0, 588.0, 514.0]
2015-05-12 15:51:06,486, DEBUG, time list values: [1.46000003815, 1.46000003815, 2.43899989128, 2.43899989128, 3.33599996567, 3.33599996567, 4.1779999733, 4.1779999733, 5.01899981499, 5.01899981499, 5.90799999237, 5.90799999237, 5.90799999237, 7.04799985886, 7.04799985886]
2015-05-12 15:51:06,486, DEBUG, bias list values: [0.0, 0.0, 0.0, 100.0, 100.0, 500.0, 500.0, 1000.0, 1000.0, 0.0, 0.0, -500.0, -1000.0, -1000.0, -500.0]
2015-05-12 15:51:06,486, DEBUG, current list values: [1192.0, 322.0, 361.0, 1845.0, 816.0, 330.0, 1077.0, 183.0, 1742.0, 1642.0, 875.0, 1364.0, 588.0, 514.0, 1807.0]
2015-05-12 15:51:06,486, DEBUG, time list values: [1.46000003815, 1.46000003815, 2.43899989128, 2.43899989128, 3.33599996567, 3.33599996567, 4.1779999733, 4.1779999733, 5.01899981499, 5.01899981499, 5.90799999237, 5.90799999237, 5.90799999237, 7.04799985886, 7.04799985886, 7.94199991226]
2015-05-12 15:51:06,486, DEBUG, bias list values: [0.0, 0.0, 0.0, 100.0, 100.0, 500.0, 500.0, 1000.0, 1000.0, 0.0, 0.0, -500.0, -1000.0, -1000.0, -500.0, -500.0]
2015-05-12 15:51:06,486, DEBUG, current list values: [1192.0, 322.0, 361.0, 1845.0, 816.0, 330.0, 1077.0, 183.0, 1742.0, 1642.0, 875.0, 1364.0, 588.0, 514.0, 1807.0, 289.0]
2015-05-12 15:51:06,486, DEBUG, time list values: [1.46000003815, 1.46000003815, 2.43899989128, 2.43899989128, 3.33599996567, 3.33599996567, 4.1779999733, 4.1779999733, 5.01899981499, 5.01899981499, 5.90799999237, 5.90799999237, 5.90799999237, 7.04799985886, 7.04799985886, 7.94199991226, 7.94199991226]
2015-05-12 15:51:06,486, DEBUG, bias list values: [0.0, 0.0, 0.0, 100.0, 100.0, 500.0, 500.0, 1000.0, 1000.0, 0.0, 0.0, -500.0, -1000.0, -1000.0, -500.0, -500.0, -100.0]
2015-05-12 15:51:06,486, DEBUG, current list values: [1192.0, 322.0, 361.0, 1845.0, 816.0, 330.0, 1077.0, 183.0, 1742.0, 1642.0, 875.0, 1364.0, 588.0, 514.0, 1807.0, 289.0, 1825.0]
2015-05-12 15:51:06,486, DEBUG, time list values: [1.46000003815, 1.46000003815, 2.43899989128, 2.43899989128, 3.33599996567, 3.33599996567, 4.1779999733, 4.1779999733, 5.01899981499, 5.01899981499, 5.90799999237, 5.90799999237, 5.90799999237, 7.04799985886, 7.04799985886, 7.94199991226, 7.94199991226, 8.78900003433]
2015-05-12 15:51:06,487, DEBUG, bias list values: [0.0, 0.0, 0.0, 100.0, 100.0, 500.0, 500.0, 1000.0, 1000.0, 0.0, 0.0, -500.0, -1000.0, -1000.0, -500.0, -500.0, -100.0, -100.0]
2015-05-12 15:51:06,487, DEBUG, current list values: [1192.0, 322.0, 361.0, 1845.0, 816.0, 330.0, 1077.0, 183.0, 1742.0, 1642.0, 875.0, 1364.0, 588.0, 514.0, 1807.0, 289.0, 1825.0, 1806.0]
2015-05-12 15:51:06,487, DEBUG, time list values: [1.46000003815, 1.46000003815, 2.43899989128, 2.43899989128, 3.33599996567, 3.33599996567, 4.1779999733, 4.1779999733, 5.01899981499, 5.01899981499, 5.90799999237, 5.90799999237, 5.90799999237, 7.04799985886, 7.04799985886, 7.94199991226, 7.94199991226, 8.78900003433, 8.78900003433]
2015-05-12 15:51:06,487, DEBUG, bias list values: [0.0, 0.0, 0.0, 100.0, 100.0, 500.0, 500.0, 1000.0, 1000.0, 0.0, 0.0, -500.0, -1000.0, -1000.0, -500.0, -500.0, -100.0, -100.0, 0.0]
2015-05-12 15:51:06,487, DEBUG, current list values: [1192.0, 322.0, 361.0, 1845.0, 816.0, 330.0, 1077.0, 183.0, 1742.0, 1642.0, 875.0, 1364.0, 588.0, 514.0, 1807.0, 289.0, 1825.0, 1806.0, 894.0]
2015-05-12 15:51:06,487, DEBUG, time list values: [1.46000003815, 1.46000003815, 2.43899989128, 2.43899989128, 3.33599996567, 3.33599996567, 4.1779999733, 4.1779999733, 5.01899981499, 5.01899981499, 5.90799999237, 5.90799999237, 5.90799999237, 7.04799985886, 7.04799985886, 7.94199991226, 7.94199991226, 8.78900003433, 8.78900003433, 10.268999815]
2015-05-12 15:51:06,487, DEBUG, bias list values: [0.0, 0.0, 0.0, 100.0, 100.0, 500.0, 500.0, 1000.0, 1000.0, 0.0, 0.0, -500.0, -1000.0, -1000.0, -500.0, -500.0, -100.0, -100.0, 0.0, 0.0]
2015-05-12 15:51:06,489, DEBUG, current list values: [1192.0, 322.0, 361.0, 1845.0, 816.0, 330.0, 1077.0, 183.0, 1742.0, 1642.0, 875.0, 1364.0, 588.0, 514.0, 1807.0, 289.0, 1825.0, 1806.0, 894.0, 763.0]
2015-05-12 15:51:06,489, DEBUG, n_d arg values: [1.46000003815, 1.46000003815, 2.43899989128, 2.43899989128, 3.33599996567, 3.33599996567, 4.1779999733, 4.1779999733, 5.01899981499, 5.01899981499, 5.90799999237, 5.90799999237, 5.90799999237, 7.04799985886, 7.04799985886, 7.94199991226, 7.94199991226, 8.78900003433, 8.78900003433, 10.268999815]
2015-05-12 15:51:06,490, DEBUG, n_d1 arg values: [0.0, 0.0, 0.0, 100.0, 100.0, 500.0, 500.0, 1000.0, 1000.0, 0.0, 0.0, -500.0, -1000.0, -1000.0, -500.0, -500.0, -100.0, -100.0, 0.0, 0.0]
2015-05-12 15:51:06,490, DEBUG, n_d2 arg values: [1192.0, 322.0, 361.0, 1845.0, 816.0, 330.0, 1077.0, 183.0, 1742.0, 1642.0, 875.0, 1364.0, 588.0, 514.0, 1807.0, 289.0, 1825.0, 1806.0, 894.0, 763.0]
2015-05-12 16:20:54,484, INFO,  ---------------------- root (F:\beastie_python\postrun.py) --------------------------------
2015-05-12 16:20:56,078, DEBUG, time list values: [0.976999998093]
2015-05-12 16:20:56,078, DEBUG, bias list values: [0.0]
2015-05-12 16:20:56,078, DEBUG, current list values: [939.0]
2015-05-12 16:20:56,078, DEBUG, time list values: [0.976999998093, 0.976999998093]
2015-05-12 16:20:56,078, DEBUG, bias list values: [0.0, 0.0]
2015-05-12 16:20:56,078, DEBUG, current list values: [939.0, 1663.0]
2015-05-12 16:20:56,078, DEBUG, time list values: [0.976999998093, 0.976999998093, 1.91400003433]
2015-05-12 16:20:56,078, DEBUG, bias list values: [0.0, 0.0, 0.0]
2015-05-12 16:20:56,078, DEBUG, current list values: [939.0, 1663.0, 1072.0]
2015-05-12 16:20:56,078, DEBUG, time list values: [0.976999998093, 0.976999998093, 1.91400003433, 1.91400003433]
2015-05-12 16:20:56,079, DEBUG, bias list values: [0.0, 0.0, 0.0, 100.0]
2015-05-12 16:20:56,079, DEBUG, current list values: [939.0, 1663.0, 1072.0, 1538.0]
2015-05-12 16:20:56,079, DEBUG, time list values: [0.976999998093, 0.976999998093, 1.91400003433, 1.91400003433, 2.77699995041]
2015-05-12 16:20:56,079, DEBUG, bias list values: [0.0, 0.0, 0.0, 100.0, 100.0]
2015-05-12 16:20:56,079, DEBUG, current list values: [939.0, 1663.0, 1072.0, 1538.0, 598.0]
2015-05-12 16:20:56,079, DEBUG, time list values: [0.976999998093, 0.976999998093, 1.91400003433, 1.91400003433, 2.77699995041, 2.77699995041]
2015-05-12 16:20:56,079, DEBUG, bias list values: [0.0, 0.0, 0.0, 100.0, 100.0, 500.0]
2015-05-12 16:20:56,081, DEBUG, current list values: [939.0, 1663.0, 1072.0, 1538.0, 598.0, 1231.0]
2015-05-12 16:20:56,081, DEBUG, time list values: [0.976999998093, 0.976999998093, 1.91400003433, 1.91400003433, 2.77699995041, 2.77699995041, 3.61999988556]
2015-05-12 16:20:56,081, DEBUG, bias list values: [0.0, 0.0, 0.0, 100.0, 100.0, 500.0, 500.0]
2015-05-12 16:20:56,081, DEBUG, current list values: [939.0, 1663.0, 1072.0, 1538.0, 598.0, 1231.0, 1219.0]
2015-05-12 16:20:56,081, DEBUG, time list values: [0.976999998093, 0.976999998093, 1.91400003433, 1.91400003433, 2.77699995041, 2.77699995041, 3.61999988556, 3.61999988556]
2015-05-12 16:20:56,081, DEBUG, bias list values: [0.0, 0.0, 0.0, 100.0, 100.0, 500.0, 500.0, 1000.0]
2015-05-12 16:20:56,081, DEBUG, current list values: [939.0, 1663.0, 1072.0, 1538.0, 598.0, 1231.0, 1219.0, 418.0]
2015-05-12 16:20:56,082, DEBUG, time list values: [0.976999998093, 0.976999998093, 1.91400003433, 1.91400003433, 2.77699995041, 2.77699995041, 3.61999988556, 3.61999988556, 4.49499988556]
2015-05-12 16:20:56,082, DEBUG, bias list values: [0.0, 0.0, 0.0, 100.0, 100.0, 500.0, 500.0, 1000.0, 1000.0]
2015-05-12 16:20:56,082, DEBUG, current list values: [939.0, 1663.0, 1072.0, 1538.0, 598.0, 1231.0, 1219.0, 418.0, 1695.0]
2015-05-12 16:20:56,082, DEBUG, time list values: [0.976999998093, 0.976999998093, 1.91400003433, 1.91400003433, 2.77699995041, 2.77699995041, 3.61999988556, 3.61999988556, 4.49499988556, 4.49499988556]
2015-05-12 16:20:56,082, DEBUG, bias list values: [0.0, 0.0, 0.0, 100.0, 100.0, 500.0, 500.0, 1000.0, 1000.0, 0.0]
2015-05-12 16:20:56,082, DEBUG, current list values: [939.0, 1663.0, 1072.0, 1538.0, 598.0, 1231.0, 1219.0, 418.0, 1695.0, 1901.0]
2015-05-12 16:20:56,082, DEBUG, time list values: [0.976999998093, 0.976999998093, 1.91400003433, 1.91400003433, 2.77699995041, 2.77699995041, 3.61999988556, 3.61999988556, 4.49499988556, 4.49499988556, 5.41400003433]
2015-05-12 16:20:56,082, DEBUG, bias list values: [0.0, 0.0, 0.0, 100.0, 100.0, 500.0, 500.0, 1000.0, 1000.0, 0.0, 0.0]
2015-05-12 16:20:56,082, DEBUG, current list values: [939.0, 1663.0, 1072.0, 1538.0, 598.0, 1231.0, 1219.0, 418.0, 1695.0, 1901.0, 910.0]
2015-05-12 16:20:56,082, DEBUG, time list values: [0.976999998093, 0.976999998093, 1.91400003433, 1.91400003433, 2.77699995041, 2.77699995041, 3.61999988556, 3.61999988556, 4.49499988556, 4.49499988556, 5.41400003433, 5.41400003433]
2015-05-12 16:20:56,082, DEBUG, bias list values: [0.0, 0.0, 0.0, 100.0, 100.0, 500.0, 500.0, 1000.0, 1000.0, 0.0, 0.0, -500.0]
2015-05-12 16:20:56,082, DEBUG, current list values: [939.0, 1663.0, 1072.0, 1538.0, 598.0, 1231.0, 1219.0, 418.0, 1695.0, 1901.0, 910.0, 931.0]
2015-05-12 16:20:56,082, DEBUG, time list values: [0.976999998093, 0.976999998093, 1.91400003433, 1.91400003433, 2.77699995041, 2.77699995041, 3.61999988556, 3.61999988556, 4.49499988556, 4.49499988556, 5.41400003433, 5.41400003433, 5.41400003433]
2015-05-12 16:20:56,082, DEBUG, bias list values: [0.0, 0.0, 0.0, 100.0, 100.0, 500.0, 500.0, 1000.0, 1000.0, 0.0, 0.0, -500.0, -1000.0]
2015-05-12 16:20:56,084, DEBUG, current list values: [939.0, 1663.0, 1072.0, 1538.0, 598.0, 1231.0, 1219.0, 418.0, 1695.0, 1901.0, 910.0, 931.0, 83.0]
2015-05-12 16:20:56,084, DEBUG, time list values: [0.976999998093, 0.976999998093, 1.91400003433, 1.91400003433, 2.77699995041, 2.77699995041, 3.61999988556, 3.61999988556, 4.49499988556, 4.49499988556, 5.41400003433, 5.41400003433, 5.41400003433, 7.27399992943]
2015-05-12 16:20:56,084, DEBUG, bias list values: [0.0, 0.0, 0.0, 100.0, 100.0, 500.0, 500.0, 1000.0, 1000.0, 0.0, 0.0, -500.0, -1000.0, -1000.0]
2015-05-12 16:20:56,084, DEBUG, current list values: [939.0, 1663.0, 1072.0, 1538.0, 598.0, 1231.0, 1219.0, 418.0, 1695.0, 1901.0, 910.0, 931.0, 83.0, 1382.0]
2015-05-12 16:20:56,084, DEBUG, time list values: [0.976999998093, 0.976999998093, 1.91400003433, 1.91400003433, 2.77699995041, 2.77699995041, 3.61999988556, 3.61999988556, 4.49499988556, 4.49499988556, 5.41400003433, 5.41400003433, 5.41400003433, 7.27399992943, 7.27399992943]
2015-05-12 16:20:56,084, DEBUG, bias list values: [0.0, 0.0, 0.0, 100.0, 100.0, 500.0, 500.0, 1000.0, 1000.0, 0.0, 0.0, -500.0, -1000.0, -1000.0, -500.0]
2015-05-12 16:20:56,084, DEBUG, current list values: [939.0, 1663.0, 1072.0, 1538.0, 598.0, 1231.0, 1219.0, 418.0, 1695.0, 1901.0, 910.0, 931.0, 83.0, 1382.0, 870.0]
2015-05-12 16:20:56,085, DEBUG, time list values: [0.976999998093, 0.976999998093, 1.91400003433, 1.91400003433, 2.77699995041, 2.77699995041, 3.61999988556, 3.61999988556, 4.49499988556, 4.49499988556, 5.41400003433, 5.41400003433, 5.41400003433, 7.27399992943, 7.27399992943, 8.31999993324]
2015-05-12 16:20:56,085, DEBUG, bias list values: [0.0, 0.0, 0.0, 100.0, 100.0, 500.0, 500.0, 1000.0, 1000.0, 0.0, 0.0, -500.0, -1000.0, -1000.0, -500.0, -500.0]
2015-05-12 16:20:56,085, DEBUG, current list values: [939.0, 1663.0, 1072.0, 1538.0, 598.0, 1231.0, 1219.0, 418.0, 1695.0, 1901.0, 910.0, 931.0, 83.0, 1382.0, 870.0, 1679.0]
2015-05-12 16:20:56,085, DEBUG, time list values: [0.976999998093, 0.976999998093, 1.91400003433, 1.91400003433, 2.77699995041, 2.77699995041, 3.61999988556, 3.61999988556, 4.49499988556, 4.49499988556, 5.41400003433, 5.41400003433, 5.41400003433, 7.27399992943, 7.27399992943, 8.31999993324, 8.31999993324]
2015-05-12 16:20:56,085, DEBUG, bias list values: [0.0, 0.0, 0.0, 100.0, 100.0, 500.0, 500.0, 1000.0, 1000.0, 0.0, 0.0, -500.0, -1000.0, -1000.0, -500.0, -500.0, -100.0]
2015-05-12 16:20:56,085, DEBUG, current list values: [939.0, 1663.0, 1072.0, 1538.0, 598.0, 1231.0, 1219.0, 418.0, 1695.0, 1901.0, 910.0, 931.0, 83.0, 1382.0, 870.0, 1679.0, 1245.0]
2015-05-12 16:20:56,085, DEBUG, time list values: [0.976999998093, 0.976999998093, 1.91400003433, 1.91400003433, 2.77699995041, 2.77699995041, 3.61999988556, 3.61999988556, 4.49499988556, 4.49499988556, 5.41400003433, 5.41400003433, 5.41400003433, 7.27399992943, 7.27399992943, 8.31999993324, 8.31999993324, 9.13000011444]
2015-05-12 16:20:56,085, DEBUG, bias list values: [0.0, 0.0, 0.0, 100.0, 100.0, 500.0, 500.0, 1000.0, 1000.0, 0.0, 0.0, -500.0, -1000.0, -1000.0, -500.0, -500.0, -100.0, -100.0]
2015-05-12 16:20:56,085, DEBUG, current list values: [939.0, 1663.0, 1072.0, 1538.0, 598.0, 1231.0, 1219.0, 418.0, 1695.0, 1901.0, 910.0, 931.0, 83.0, 1382.0, 870.0, 1679.0, 1245.0, 1029.0]
2015-05-12 16:20:56,085, DEBUG, time list values: [0.976999998093, 0.976999998093, 1.91400003433, 1.91400003433, 2.77699995041, 2.77699995041, 3.61999988556, 3.61999988556, 4.49499988556, 4.49499988556, 5.41400003433, 5.41400003433, 5.41400003433, 7.27399992943, 7.27399992943, 8.31999993324, 8.31999993324, 9.13000011444, 9.13000011444]
2015-05-12 16:20:56,085, DEBUG, bias list values: [0.0, 0.0, 0.0, 100.0, 100.0, 500.0, 500.0, 1000.0, 1000.0, 0.0, 0.0, -500.0, -1000.0, -1000.0, -500.0, -500.0, -100.0, -100.0, 0.0]
2015-05-12 16:20:56,085, DEBUG, current list values: [939.0, 1663.0, 1072.0, 1538.0, 598.0, 1231.0, 1219.0, 418.0, 1695.0, 1901.0, 910.0, 931.0, 83.0, 1382.0, 870.0, 1679.0, 1245.0, 1029.0, 817.0]
2015-05-12 16:20:56,086, DEBUG, time list values: [0.976999998093, 0.976999998093, 1.91400003433, 1.91400003433, 2.77699995041, 2.77699995041, 3.61999988556, 3.61999988556, 4.49499988556, 4.49499988556, 5.41400003433, 5.41400003433, 5.41400003433, 7.27399992943, 7.27399992943, 8.31999993324, 8.31999993324, 9.13000011444, 9.13000011444, 10.5810000896]
2015-05-12 16:20:56,086, DEBUG, bias list values: [0.0, 0.0, 0.0, 100.0, 100.0, 500.0, 500.0, 1000.0, 1000.0, 0.0, 0.0, -500.0, -1000.0, -1000.0, -500.0, -500.0, -100.0, -100.0, 0.0, 0.0]
2015-05-12 16:20:56,086, DEBUG, current list values: [939.0, 1663.0, 1072.0, 1538.0, 598.0, 1231.0, 1219.0, 418.0, 1695.0, 1901.0, 910.0, 931.0, 83.0, 1382.0, 870.0, 1679.0, 1245.0, 1029.0, 817.0, 358.0]
2015-05-12 16:20:56,086, DEBUG, n_d_time arg values: [0.976999998093, 0.976999998093, 1.91400003433, 1.91400003433, 2.77699995041, 2.77699995041, 3.61999988556, 3.61999988556, 4.49499988556, 4.49499988556, 5.41400003433, 5.41400003433, 5.41400003433, 7.27399992943, 7.27399992943, 8.31999993324, 8.31999993324, 9.13000011444, 9.13000011444, 10.5810000896]
2015-05-12 16:20:56,088, DEBUG, n_d1_bias arg values: [0.0, 0.0, 0.0, 100.0, 100.0, 500.0, 500.0, 1000.0, 1000.0, 0.0, 0.0, -500.0, -1000.0, -1000.0, -500.0, -500.0, -100.0, -100.0, 0.0, 0.0]
2015-05-12 16:20:56,088, DEBUG, n_d2_current arg values: [939.0, 1663.0, 1072.0, 1538.0, 598.0, 1231.0, 1219.0, 418.0, 1695.0, 1901.0, 910.0, 931.0, 83.0, 1382.0, 870.0, 1679.0, 1245.0, 1029.0, 817.0, 358.0]
2015-05-12 21:45:04,295, INFO,  ---------------------- root (F:\beastie_python\postrun.py) --------------------------------
2015-05-12 21:46:15,385, DEBUG, time list values: [0.983000040054]
2015-05-12 21:46:15,387, DEBUG, bias list values: [0.0]
2015-05-12 21:46:15,387, DEBUG, current list values: [1829.0]
2015-05-12 21:46:15,388, DEBUG, time list values: [0.983000040054, 0.983000040054]
2015-05-12 21:46:15,388, DEBUG, bias list values: [0.0, 0.0]
2015-05-12 21:46:15,390, DEBUG, current list values: [1829.0, 1020.0]
2015-05-12 21:46:15,390, DEBUG, time list values: [0.983000040054, 0.983000040054, 4.74799990654]
2015-05-12 21:46:15,390, DEBUG, bias list values: [0.0, 0.0, 0.0]
2015-05-12 21:46:15,390, DEBUG, current list values: [1829.0, 1020.0, 1581.0]
2015-05-12 21:46:15,390, DEBUG, time list values: [0.983000040054, 0.983000040054, 4.74799990654, 4.74799990654]
2015-05-12 21:46:15,390, DEBUG, bias list values: [0.0, 0.0, 0.0, 100.0]
2015-05-12 21:46:15,391, DEBUG, current list values: [1829.0, 1020.0, 1581.0, 1155.0]
2015-05-12 21:46:15,391, DEBUG, time list values: [0.983000040054, 0.983000040054, 4.74799990654, 4.74799990654, 6.13199996948]
2015-05-12 21:46:15,391, DEBUG, bias list values: [0.0, 0.0, 0.0, 100.0, 100.0]
2015-05-12 21:46:15,391, DEBUG, current list values: [1829.0, 1020.0, 1581.0, 1155.0, 1398.0]
2015-05-12 21:46:15,391, DEBUG, time list values: [0.983000040054, 0.983000040054, 4.74799990654, 4.74799990654, 6.13199996948, 6.13199996948]
2015-05-12 21:46:15,391, DEBUG, bias list values: [0.0, 0.0, 0.0, 100.0, 100.0, 500.0]
2015-05-12 21:46:15,391, DEBUG, current list values: [1829.0, 1020.0, 1581.0, 1155.0, 1398.0, 1500.0]
2015-05-12 21:46:15,392, DEBUG, time list values: [0.983000040054, 0.983000040054, 4.74799990654, 4.74799990654, 6.13199996948, 6.13199996948, 7.79799985886]
2015-05-12 21:46:15,392, DEBUG, bias list values: [0.0, 0.0, 0.0, 100.0, 100.0, 500.0, 500.0]
2015-05-12 21:46:15,392, DEBUG, current list values: [1829.0, 1020.0, 1581.0, 1155.0, 1398.0, 1500.0, 339.0]
2015-05-12 21:46:15,392, DEBUG, time list values: [0.983000040054, 0.983000040054, 4.74799990654, 4.74799990654, 6.13199996948, 6.13199996948, 7.79799985886, 7.79799985886]
2015-05-12 21:46:15,392, DEBUG, bias list values: [0.0, 0.0, 0.0, 100.0, 100.0, 500.0, 500.0, 1000.0]
2015-05-12 21:46:15,394, DEBUG, current list values: [1829.0, 1020.0, 1581.0, 1155.0, 1398.0, 1500.0, 339.0, 831.0]
2015-05-12 21:46:15,394, DEBUG, time list values: [0.983000040054, 0.983000040054, 4.74799990654, 4.74799990654, 6.13199996948, 6.13199996948, 7.79799985886, 7.79799985886, 9.53500008583]
2015-05-12 21:46:15,394, DEBUG, bias list values: [0.0, 0.0, 0.0, 100.0, 100.0, 500.0, 500.0, 1000.0, 1000.0]
2015-05-12 21:46:15,394, DEBUG, current list values: [1829.0, 1020.0, 1581.0, 1155.0, 1398.0, 1500.0, 339.0, 831.0, 268.0]
2015-05-12 21:46:15,394, DEBUG, time list values: [0.983000040054, 0.983000040054, 4.74799990654, 4.74799990654, 6.13199996948, 6.13199996948, 7.79799985886, 7.79799985886, 9.53500008583, 9.53500008583]
2015-05-12 21:46:15,394, DEBUG, bias list values: [0.0, 0.0, 0.0, 100.0, 100.0, 500.0, 500.0, 1000.0, 1000.0, 0.0]
2015-05-12 21:46:15,394, DEBUG, current list values: [1829.0, 1020.0, 1581.0, 1155.0, 1398.0, 1500.0, 339.0, 831.0, 268.0, 1913.0]
2015-05-12 21:46:15,394, DEBUG, time list values: [0.983000040054, 0.983000040054, 4.74799990654, 4.74799990654, 6.13199996948, 6.13199996948, 7.79799985886, 7.79799985886, 9.53500008583, 9.53500008583, 11.0659999847]
2015-05-12 21:46:15,394, DEBUG, bias list values: [0.0, 0.0, 0.0, 100.0, 100.0, 500.0, 500.0, 1000.0, 1000.0, 0.0, 0.0]
2015-05-12 21:46:15,394, DEBUG, current list values: [1829.0, 1020.0, 1581.0, 1155.0, 1398.0, 1500.0, 339.0, 831.0, 268.0, 1913.0, 1591.0]
2015-05-12 21:46:15,395, DEBUG, time list values: [0.983000040054, 0.983000040054, 4.74799990654, 4.74799990654, 6.13199996948, 6.13199996948, 7.79799985886, 7.79799985886, 9.53500008583, 9.53500008583, 11.0659999847, 11.0659999847]
2015-05-12 21:46:15,395, DEBUG, bias list values: [0.0, 0.0, 0.0, 100.0, 100.0, 500.0, 500.0, 1000.0, 1000.0, 0.0, 0.0, -500.0]
2015-05-12 21:46:15,395, DEBUG, current list values: [1829.0, 1020.0, 1581.0, 1155.0, 1398.0, 1500.0, 339.0, 831.0, 268.0, 1913.0, 1591.0, 916.0]
2015-05-12 21:46:15,395, DEBUG, time list values: [0.983000040054, 0.983000040054, 4.74799990654, 4.74799990654, 6.13199996948, 6.13199996948, 7.79799985886, 7.79799985886, 9.53500008583, 9.53500008583, 11.0659999847, 11.0659999847, 11.0659999847]
2015-05-12 21:46:15,397, DEBUG, bias list values: [0.0, 0.0, 0.0, 100.0, 100.0, 500.0, 500.0, 1000.0, 1000.0, 0.0, 0.0, -500.0, -1000.0]
2015-05-12 21:46:15,397, DEBUG, current list values: [1829.0, 1020.0, 1581.0, 1155.0, 1398.0, 1500.0, 339.0, 831.0, 268.0, 1913.0, 1591.0, 916.0, 505.0]
2015-05-12 21:46:15,397, DEBUG, time list values: [0.983000040054, 0.983000040054, 4.74799990654, 4.74799990654, 6.13199996948, 6.13199996948, 7.79799985886, 7.79799985886, 9.53500008583, 9.53500008583, 11.0659999847, 11.0659999847, 11.0659999847, 12.6749999523]
2015-05-12 21:46:15,398, DEBUG, bias list values: [0.0, 0.0, 0.0, 100.0, 100.0, 500.0, 500.0, 1000.0, 1000.0, 0.0, 0.0, -500.0, -1000.0, -1000.0]
2015-05-12 21:46:15,398, DEBUG, current list values: [1829.0, 1020.0, 1581.0, 1155.0, 1398.0, 1500.0, 339.0, 831.0, 268.0, 1913.0, 1591.0, 916.0, 505.0, 1647.0]
2015-05-12 21:46:15,398, DEBUG, time list values: [0.983000040054, 0.983000040054, 4.74799990654, 4.74799990654, 6.13199996948, 6.13199996948, 7.79799985886, 7.79799985886, 9.53500008583, 9.53500008583, 11.0659999847, 11.0659999847, 11.0659999847, 12.6749999523, 12.6749999523]
2015-05-12 21:46:15,398, DEBUG, bias list values: [0.0, 0.0, 0.0, 100.0, 100.0, 500.0, 500.0, 1000.0, 1000.0, 0.0, 0.0, -500.0, -1000.0, -1000.0, -500.0]
2015-05-12 21:46:15,398, DEBUG, current list values: [1829.0, 1020.0, 1581.0, 1155.0, 1398.0, 1500.0, 339.0, 831.0, 268.0, 1913.0, 1591.0, 916.0, 505.0, 1647.0, 586.0]
2015-05-12 21:46:15,398, DEBUG, time list values: [0.983000040054, 0.983000040054, 4.74799990654, 4.74799990654, 6.13199996948, 6.13199996948, 7.79799985886, 7.79799985886, 9.53500008583, 9.53500008583, 11.0659999847, 11.0659999847, 11.0659999847, 12.6749999523, 12.6749999523, 14.0320000648]
2015-05-12 21:46:15,398, DEBUG, bias list values: [0.0, 0.0, 0.0, 100.0, 100.0, 500.0, 500.0, 1000.0, 1000.0, 0.0, 0.0, -500.0, -1000.0, -1000.0, -500.0, -500.0]
2015-05-12 21:46:15,398, DEBUG, current list values: [1829.0, 1020.0, 1581.0, 1155.0, 1398.0, 1500.0, 339.0, 831.0, 268.0, 1913.0, 1591.0, 916.0, 505.0, 1647.0, 586.0, 599.0]
2015-05-12 21:46:15,398, DEBUG, time list values: [0.983000040054, 0.983000040054, 4.74799990654, 4.74799990654, 6.13199996948, 6.13199996948, 7.79799985886, 7.79799985886, 9.53500008583, 9.53500008583, 11.0659999847, 11.0659999847, 11.0659999847, 12.6749999523, 12.6749999523, 14.0320000648, 14.0320000648]
2015-05-12 21:46:15,400, DEBUG, bias list values: [0.0, 0.0, 0.0, 100.0, 100.0, 500.0, 500.0, 1000.0, 1000.0, 0.0, 0.0, -500.0, -1000.0, -1000.0, -500.0, -500.0, -100.0]
2015-05-12 21:46:15,400, DEBUG, current list values: [1829.0, 1020.0, 1581.0, 1155.0, 1398.0, 1500.0, 339.0, 831.0, 268.0, 1913.0, 1591.0, 916.0, 505.0, 1647.0, 586.0, 599.0, 824.0]
2015-05-12 21:46:15,400, DEBUG, time list values: [0.983000040054, 0.983000040054, 4.74799990654, 4.74799990654, 6.13199996948, 6.13199996948, 7.79799985886, 7.79799985886, 9.53500008583, 9.53500008583, 11.0659999847, 11.0659999847, 11.0659999847, 12.6749999523, 12.6749999523, 14.0320000648, 14.0320000648, 15.246999979]
2015-05-12 21:46:15,400, DEBUG, bias list values: [0.0, 0.0, 0.0, 100.0, 100.0, 500.0, 500.0, 1000.0, 1000.0, 0.0, 0.0, -500.0, -1000.0, -1000.0, -500.0, -500.0, -100.0, -100.0]
2015-05-12 21:46:15,401, DEBUG, current list values: [1829.0, 1020.0, 1581.0, 1155.0, 1398.0, 1500.0, 339.0, 831.0, 268.0, 1913.0, 1591.0, 916.0, 505.0, 1647.0, 586.0, 599.0, 824.0, 640.0]
2015-05-12 21:46:15,403, DEBUG, time list values: [0.983000040054, 0.983000040054, 4.74799990654, 4.74799990654, 6.13199996948, 6.13199996948, 7.79799985886, 7.79799985886, 9.53500008583, 9.53500008583, 11.0659999847, 11.0659999847, 11.0659999847, 12.6749999523, 12.6749999523, 14.0320000648, 14.0320000648, 15.246999979, 15.246999979]
2015-05-12 21:46:15,403, DEBUG, bias list values: [0.0, 0.0, 0.0, 100.0, 100.0, 500.0, 500.0, 1000.0, 1000.0, 0.0, 0.0, -500.0, -1000.0, -1000.0, -500.0, -500.0, -100.0, -100.0, 0.0]
2015-05-12 21:46:15,403, DEBUG, current list values: [1829.0, 1020.0, 1581.0, 1155.0, 1398.0, 1500.0, 339.0, 831.0, 268.0, 1913.0, 1591.0, 916.0, 505.0, 1647.0, 586.0, 599.0, 824.0, 640.0, 113.0]
2015-05-12 21:46:15,404, DEBUG, time list values: [0.983000040054, 0.983000040054, 4.74799990654, 4.74799990654, 6.13199996948, 6.13199996948, 7.79799985886, 7.79799985886, 9.53500008583, 9.53500008583, 11.0659999847, 11.0659999847, 11.0659999847, 12.6749999523, 12.6749999523, 14.0320000648, 14.0320000648, 15.246999979, 15.246999979, 16.3510000706]
2015-05-12 21:46:15,404, DEBUG, bias list values: [0.0, 0.0, 0.0, 100.0, 100.0, 500.0, 500.0, 1000.0, 1000.0, 0.0, 0.0, -500.0, -1000.0, -1000.0, -500.0, -500.0, -100.0, -100.0, 0.0, 0.0]
2015-05-12 21:46:15,404, DEBUG, current list values: [1829.0, 1020.0, 1581.0, 1155.0, 1398.0, 1500.0, 339.0, 831.0, 268.0, 1913.0, 1591.0, 916.0, 505.0, 1647.0, 586.0, 599.0, 824.0, 640.0, 113.0, 1320.0]
2015-05-12 21:46:15,407, DEBUG, n_d_time arg values: [0.983000040054, 0.983000040054, 4.74799990654, 4.74799990654, 6.13199996948, 6.13199996948, 7.79799985886, 7.79799985886, 9.53500008583, 9.53500008583, 11.0659999847, 11.0659999847, 11.0659999847, 12.6749999523, 12.6749999523, 14.0320000648, 14.0320000648, 15.246999979, 15.246999979, 16.3510000706]
2015-05-12 21:46:15,407, DEBUG, n_d1_bias arg values: [0.0, 0.0, 0.0, 100.0, 100.0, 500.0, 500.0, 1000.0, 1000.0, 0.0, 0.0, -500.0, -1000.0, -1000.0, -500.0, -500.0, -100.0, -100.0, 0.0, 0.0]
2015-05-12 21:46:15,407, DEBUG, n_d2_current arg values: [1829.0, 1020.0, 1581.0, 1155.0, 1398.0, 1500.0, 339.0, 831.0, 268.0, 1913.0, 1591.0, 916.0, 505.0, 1647.0, 586.0, 599.0, 824.0, 640.0, 113.0, 1320.0]
